[    28.798] 
X.Org X Server 1.21.1.13
X Protocol Version 11, Revision 0
[    28.798] Current Operating System: Linux verusarch 6.10.3-arch1-2 #1 SMP PREEMPT_DYNAMIC Tue, 06 Aug 2024 07:21:19 +0000 x86_64
[    28.798] Kernel command line: BOOT_IMAGE=/vmlinuz-linux root=UUID=09fc7c39-c865-4cef-b3bb-a889931587eb rw zswap.enabled=0 rootfstype=ext4 loglevel=3 quiet
[    28.798]  
[    28.798] Current version of pixman: 0.43.4
[    28.799] 	Before reporting problems, check http://wiki.x.org
	to make sure that you have the latest version.
[    28.799] Markers: (--) probed, (**) from config file, (==) default setting,
	(++) from command line, (!!) notice, (II) informational,
	(WW) warning, (EE) error, (NI) not implemented, (??) unknown.
[    28.799] (==) Log file: "/home/verusvir/.local/share/xorg/Xorg.0.log", Time: Sun Aug 25 06:41:39 2024
[    28.807] (==) Using config directory: "/etc/X11/xorg.conf.d"
[    28.807] (==) Using system config directory "/usr/share/X11/xorg.conf.d"
[    28.809] (==) No Layout section.  Using the first Screen section.
[    28.809] (==) No screen section available. Using defaults.
[    28.809] (**) |-->Screen "Default Screen Section" (0)
[    28.809] (**) |   |-->Monitor "<default monitor>"
[    28.809] (==) No device specified for screen "Default Screen Section".
	Using the first device section listed.
[    28.809] (**) |   |-->Device "Intel Graphics"
[    28.809] (==) No monitor specified for screen "Default Screen Section".
	Using a default monitor configuration.
[    28.809] (**) Allowing byte-swapped clients
[    28.809] (==) Automatically adding devices
[    28.809] (==) Automatically enabling devices
[    28.809] (==) Automatically adding GPU devices
[    28.809] (==) Automatically binding GPU devices
[    28.809] (==) Max clients allowed: 256, resource mask: 0x1fffff
[    28.811] (WW) The directory "/usr/share/fonts/misc" does not exist.
[    28.811] 	Entry deleted from font path.
[    28.812] (WW) `fonts.dir' not found (or not valid) in "/usr/share/fonts/TTF".
[    28.812] 	Entry deleted from font path.
[    28.812] 	(Run 'mkfontdir' on "/usr/share/fonts/TTF").
[    28.812] (WW) The directory "/usr/share/fonts/OTF" does not exist.
[    28.812] 	Entry deleted from font path.
[    28.812] (WW) The directory "/usr/share/fonts/Type1" does not exist.
[    28.812] 	Entry deleted from font path.
[    28.812] (WW) The directory "/usr/share/fonts/100dpi" does not exist.
[    28.812] 	Entry deleted from font path.
[    28.812] (WW) The directory "/usr/share/fonts/75dpi" does not exist.
[    28.812] 	Entry deleted from font path.
[    28.812] (==) FontPath set to:
	
[    28.812] (==) ModulePath set to "/usr/lib/xorg/modules"
[    28.812] (II) The server relies on udev to provide the list of input devices.
	If no devices become available, reconfigure udev or disable AutoAddDevices.
[    28.812] (II) Module ABI versions:
[    28.812] 	X.Org ANSI C Emulation: 0.4
[    28.812] 	X.Org Video Driver: 25.2
[    28.812] 	X.Org XInput driver : 24.4
[    28.812] 	X.Org Server Extension : 10.0
[    28.812] (++) using VT number 1

[    28.817] (II) systemd-logind: took control of session /org/freedesktop/login1/session/_31
[    28.819] (II) xfree86: Adding drm device (/dev/dri/card1)
[    28.819] (II) Platform probe for /sys/devices/pci0000:00/0000:00:02.0/drm/card1
[    28.820] (II) systemd-logind: got fd for /dev/dri/card1 226:1 fd 13 paused 0
[    28.825] (--) PCI:*(0@0:2:0) 8086:2a42:17aa:20e4 rev 7, Mem @ 0xf2000000/4194304, 0xd0000000/268435456, I/O @ 0x00001800/8, BIOS @ 0x????????/131072
[    28.825] (--) PCI: (0@0:2:1) 8086:2a43:17aa:20e4 rev 7, Mem @ 0xf2400000/1048576
[    28.826] (WW) Open ACPI failed (/var/run/acpid.socket) (No such file or directory)
[    28.826] (II) LoadModule: "glx"
[    28.826] (II) Loading /usr/lib/xorg/modules/extensions/libglx.so
[    28.839] (II) Module glx: vendor="X.Org Foundation"
[    28.839] 	compiled for 1.21.1.13, module version = 1.0.0
[    28.839] 	ABI class: X.Org Server Extension, version 10.0
[    28.839] (II) LoadModule: "intel"
[    28.840] (II) Loading /usr/lib/xorg/modules/drivers/intel_drv.so
[    28.845] (II) Module intel: vendor="X.Org Foundation"
[    28.845] 	compiled for 1.21.1.11, module version = 2.99.917
[    28.845] 	Module class: X.Org Video Driver
[    28.845] 	ABI class: X.Org Video Driver, version 25.2
[    28.845] (II) intel: Driver for Intel(R) Integrated Graphics Chipsets:
	i810, i810-dc100, i810e, i815, i830M, 845G, 854, 852GM/855GM, 865G,
	915G, E7221 (i915), 915GM, 945G, 945GM, 945GME, Pineview GM,
	Pineview G, 965G, G35, 965Q, 946GZ, 965GM, 965GME/GLE, G33, Q35, Q33,
	GM45, 4 Series, G45/G43, Q45/Q43, G41, B43
[    28.845] (II) intel: Driver for Intel(R) HD Graphics
[    28.845] (II) intel: Driver for Intel(R) Iris(TM) Graphics
[    28.845] (II) intel: Driver for Intel(R) Iris(TM) Pro Graphics
[    28.845] xf86EnableIO: failed to enable I/O ports 0000-03ff (Operation not permitted)
[    28.846] (II) intel(0): Using Kernel Mode Setting driver: i915, version 1.6.0 20230929
[    28.846] (II) intel(0): SNA compiled from 2.99.917-923-gb74b67f0
[    28.847] (WW) VGA arbiter: cannot open kernel arbiter, no multi-card support
[    28.848] (--) intel(0): Integrated Graphics Chipset: Intel(R) GM45
[    28.848] (--) intel(0): CPU: x86-64, sse2, sse3, ssse3, sse4.1; using a maximum of 2 threads
[    28.848] (II) intel(0): Creating default Display subsection in Screen section
	"Default Screen Section" for depth/fbbpp 24/32
[    28.848] (==) intel(0): Depth 24, (--) framebuffer bpp 32
[    28.848] (==) intel(0): RGB weight 888
[    28.848] (==) intel(0): Default visual is TrueColor
[    28.848] (**) intel(0): Option "Backlight" "intel_backlight"
[    28.849] (II) intel(0): Output LVDS1 has no monitor section
[    28.849] (EE) intel(0): Unrecognised backlight control interface 'intel_backlight'
[    28.849] (--) intel(0): Found backlight control interface acpi_video0 (type 'firmware') for output LVDS1
[    28.849] (II) intel(0): Enabled output LVDS1
[    28.849] (II) intel(0): Output VGA1 using monitor section VGA1
[    28.850] (**) intel(0): Option "PreferredMode" "1920x1080_60.00"
[    28.850] (II) intel(0): Enabled output VGA1
[    28.850] (II) intel(0): Output HDMI1 has no monitor section
[    28.850] (II) intel(0): Enabled output HDMI1
[    28.850] (II) intel(0): Output DP1 has no monitor section
[    28.850] (II) intel(0): Enabled output DP1
[    28.850] (II) intel(0): Output HDMI2 has no monitor section
[    28.851] (II) intel(0): Enabled output HDMI2
[    28.851] (II) intel(0): Output DP2 has no monitor section
[    28.851] (II) intel(0): Enabled output DP2
[    28.851] (II) intel(0): Output DP3 has no monitor section
[    28.851] (II) intel(0): Enabled output DP3
[    28.851] (--) intel(0): Using a maximum size of 256x256 for hardware cursors
[    28.851] (II) intel(0): Output VIRTUAL1 has no monitor section
[    28.851] (II) intel(0): Enabled output VIRTUAL1
[    28.851] (--) intel(0): Output LVDS1 using initial mode 1280x800 on pipe 0
[    28.851] (II) intel(0): EDID for output LVDS1
[    28.851] (II) intel(0): Manufacturer: LEN  Model: 4010  Serial#: 0
[    28.851] (II) intel(0): Year: 2007  Week: 1
[    28.851] (II) intel(0): EDID Version: 1.3
[    28.851] (II) intel(0): Digital Display Input
[    28.851] (II) intel(0): Max Image Size [cm]: horiz.: 26  vert.: 16
[    28.851] (II) intel(0): Gamma: 2.20
[    28.851] (II) intel(0): DPMS capabilities: StandBy Suspend Off
[    28.851] (II) intel(0): Supported color encodings: RGB 4:4:4 YCrCb 4:4:4 
[    28.851] (II) intel(0): First detailed timing is preferred mode
[    28.851] (II) intel(0): redX: 0.580 redY: 0.340   greenX: 0.310 greenY: 0.550
[    28.851] (II) intel(0): blueX: 0.155 blueY: 0.155   whiteX: 0.313 whiteY: 0.329
[    28.851] (II) intel(0): Manufacturer's mask: 0
[    28.851] (II) intel(0): Supported detailed timing:
[    28.851] (II) intel(0): clock: 71.1 MHz   Image Size:  261 x 163 mm
[    28.851] (II) intel(0): h_active: 1280  h_sync: 1328  h_sync_end 1360 h_blank_end 1440 h_border: 0
[    28.851] (II) intel(0): v_active: 800  v_sync: 803  v_sync_end 809 v_blanking: 823 v_border: 0
[    28.851] (II) intel(0): Supported detailed timing:
[    28.851] (II) intel(0): clock: 59.3 MHz   Image Size:  261 x 163 mm
[    28.852] (II) intel(0): h_active: 1280  h_sync: 1328  h_sync_end 1360 h_blank_end 1440 h_border: 0
[    28.852] (II) intel(0): v_active: 800  v_sync: 803  v_sync_end 809 v_blanking: 823 v_border: 0
[    28.852] (II) intel(0): Unknown vendor-specific block f
[    28.852] (II) intel(0):  B121EW03 V6
[    28.852] (II) intel(0): EDID (in hex):
[    28.852] (II) intel(0): 	00ffffffffffff0030ae104000000000
[    28.852] (II) intel(0): 	01110103801a1078ea87f594574f8c27
[    28.852] (II) intel(0): 	27505400000001010101010101010101
[    28.852] (II) intel(0): 	010101010101c61b00a0502017303020
[    28.852] (II) intel(0): 	360005a310000018261700a050201730
[    28.852] (II) intel(0): 	3020360005a3100000180000000f0081
[    28.852] (II) intel(0): 	0a3c810a3214010006af1436000000fe
[    28.852] (II) intel(0): 	004231323145573033205636200a00aa
[    28.852] (II) intel(0): EDID vendor "LEN", prod id 16400
[    28.852] (II) intel(0): Printing DDC gathered Modelines:
[    28.852] (II) intel(0): Modeline "1280x800"x0.0   71.10  1280 1328 1360 1440  800 803 809 823 -hsync -vsync (49.4 kHz eP)
[    28.852] (II) intel(0): Modeline "1280x800"x0.0   59.26  1280 1328 1360 1440  800 803 809 823 -hsync -vsync (41.2 kHz e)
[    28.852] (II) intel(0): Not using default mode "320x240" (doublescan mode not supported)
[    28.852] (II) intel(0): Not using default mode "400x300" (doublescan mode not supported)
[    28.852] (II) intel(0): Not using default mode "400x300" (doublescan mode not supported)
[    28.852] (II) intel(0): Not using default mode "512x384" (doublescan mode not supported)
[    28.852] (II) intel(0): Not using default mode "640x480" (doublescan mode not supported)
[    28.852] (II) intel(0): Not using default mode "640x512" (doublescan mode not supported)
[    28.852] (II) intel(0): Not using default mode "700x525" (doublescan mode not supported)
[    28.852] (II) intel(0): Not using default mode "320x180" (doublescan mode not supported)
[    28.852] (II) intel(0): Not using default mode "320x180" (doublescan mode not supported)
[    28.852] (II) intel(0): Not using default mode "360x202" (doublescan mode not supported)
[    28.852] (II) intel(0): Not using default mode "360x202" (doublescan mode not supported)
[    28.852] (II) intel(0): Not using default mode "432x243" (doublescan mode not supported)
[    28.852] (II) intel(0): Not using default mode "432x243" (doublescan mode not supported)
[    28.852] (II) intel(0): Not using default mode "480x270" (doublescan mode not supported)
[    28.852] (II) intel(0): Not using default mode "480x270" (doublescan mode not supported)
[    28.852] (II) intel(0): Not using default mode "512x288" (doublescan mode not supported)
[    28.852] (II) intel(0): Not using default mode "512x288" (doublescan mode not supported)
[    28.852] (II) intel(0): Not using default mode "640x360" (doublescan mode not supported)
[    28.852] (II) intel(0): Not using default mode "640x360" (doublescan mode not supported)
[    28.852] (II) intel(0): Not using default mode "684x384" (doublescan mode not supported)
[    28.852] (II) intel(0): Not using default mode "684x384" (doublescan mode not supported)
[    28.852] (II) intel(0): Not using default mode "800x450" (doublescan mode not supported)
[    28.852] (II) intel(0): Not using default mode "800x450" (doublescan mode not supported)
[    28.852] (II) intel(0): Not using default mode "960x540" (doublescan mode not supported)
[    28.852] (II) intel(0): Not using default mode "640x400" (doublescan mode not supported)
[    28.852] (II) intel(0): Not using default mode "640x400" (doublescan mode not supported)
[    28.852] (II) intel(0): Not using default mode "700x450" (doublescan mode not supported)
[    28.852] (II) intel(0): Not using default mode "700x450" (doublescan mode not supported)
[    28.852] (II) intel(0): Not using default mode "840x525" (doublescan mode not supported)
[    28.852] (II) intel(0): Printing probed modes for output LVDS1
[    28.852] (II) intel(0): Modeline "1280x800"x60.0   71.10  1280 1328 1360 1440  800 803 809 823 -hsync -vsync (49.4 kHz eP)
[    28.852] (II) intel(0): Modeline "1280x800"x59.9   71.00  1280 1328 1360 1440  800 803 809 823 +hsync -vsync (49.3 kHz d)
[    28.852] (II) intel(0): Modeline "1280x800"x50.0   59.26  1280 1328 1360 1440  800 803 809 823 -hsync -vsync (41.2 kHz e)
[    28.852] (II) intel(0): Modeline "1280x720"x59.7   63.75  1280 1328 1360 1440  720 723 728 741 +hsync -vsync (44.3 kHz d)
[    28.852] (II) intel(0): Modeline "1024x768"x60.0   65.00  1024 1048 1184 1344  768 771 777 806 -hsync -vsync (48.4 kHz d)
[    28.852] (II) intel(0): Modeline "1024x576"x59.9   46.50  1024 1064 1160 1296  576 579 584 599 -hsync +vsync (35.9 kHz d)
[    28.852] (II) intel(0): Modeline "1024x576"x59.8   42.00  1024 1072 1104 1184  576 579 584 593 +hsync -vsync (35.5 kHz d)
[    28.852] (II) intel(0): Modeline "960x540"x59.6   40.75  960 992 1088 1216  540 543 548 562 -hsync +vsync (33.5 kHz d)
[    28.852] (II) intel(0): Modeline "960x540"x59.8   37.25  960 1008 1040 1120  540 543 548 556 +hsync -vsync (33.3 kHz d)
[    28.852] (II) intel(0): Modeline "800x600"x60.3   40.00  800 840 968 1056  600 601 605 628 +hsync +vsync (37.9 kHz d)
[    28.852] (II) intel(0): Modeline "800x600"x56.2   36.00  800 824 896 1024  600 601 603 625 +hsync +vsync (35.2 kHz d)
[    28.852] (II) intel(0): Modeline "864x486"x59.9   32.50  864 888 968 1072  486 489 494 506 -hsync +vsync (30.3 kHz d)
[    28.852] (II) intel(0): Modeline "864x486"x59.6   30.50  864 912 944 1024  486 489 494 500 +hsync -vsync (29.8 kHz d)
[    28.852] (II) intel(0): Modeline "640x480"x59.9   25.18  640 656 752 800  480 490 492 525 -hsync -vsync (31.5 kHz d)
[    28.852] (II) intel(0): Modeline "720x405"x59.5   22.50  720 744 808 896  405 408 413 422 -hsync +vsync (25.1 kHz d)
[    28.852] (II) intel(0): Modeline "720x405"x59.0   21.75  720 768 800 880  405 408 413 419 +hsync -vsync (24.7 kHz d)
[    28.852] (II) intel(0): Modeline "640x400"x60.0   19.52  640 648 712 784  400 401 404 415 -hsync +vsync (24.9 kHz)
[    28.852] (II) intel(0): Modeline "640x360"x59.8   18.00  640 664 720 800  360 363 368 376 -hsync +vsync (22.5 kHz d)
[    28.852] (II) intel(0): Modeline "640x360"x59.3   17.75  640 688 720 800  360 363 368 374 +hsync -vsync (22.2 kHz d)
[    28.958] (II) intel(0): EDID for output DP1
[    28.966] (II) intel(0): EDID for output DP2
[    29.071] (II) intel(0): EDID for output DP3
[    29.173] (II) intel(0): EDID for output HDMI1
[    29.174] (II) intel(0): EDID for output HDMI2
[    29.283] (II) intel(0): EDID for output VGA1
[    29.283] (II) intel(0): Printing probed modes for output VGA1
[    29.283] (II) intel(0): Modeline "1920x1080_60.00"x60.0  173.00  1920 2048 2248 2576  1080 1083 1088 1120 -hsync +vsync (67.2 kHz UP)
[    29.283] (II) intel(0): Modeline "1024x768"x60.0   65.00  1024 1048 1184 1344  768 771 777 806 -hsync -vsync (48.4 kHz e)
[    29.283] (II) intel(0): Modeline "800x600"x60.0   40.00  800 840 968 1056  600 601 605 628 +hsync +vsync (37.9 kHz e)
[    29.283] (II) intel(0): Modeline "800x600"x56.0   36.00  800 824 896 1024  600 601 603 625 +hsync +vsync (35.2 kHz e)
[    29.283] (II) intel(0): Modeline "848x480"x60.0   33.75  848 864 976 1088  480 486 494 517 +hsync +vsync (31.0 kHz e)
[    29.283] (II) intel(0): Modeline "640x480"x60.0   25.18  640 656 752 800  480 490 492 525 -hsync -vsync (31.5 kHz e)
[    29.283] (II) intel(0): EDID for output VIRTUAL1
[    29.283] (II) intel(0): Output LVDS1 connected
[    29.283] (II) intel(0): Output DP1 disconnected
[    29.283] (II) intel(0): Output DP2 disconnected
[    29.283] (II) intel(0): Output DP3 disconnected
[    29.283] (II) intel(0): Output HDMI1 disconnected
[    29.283] (II) intel(0): Output HDMI2 disconnected
[    29.283] (II) intel(0): Output VGA1 connected
[    29.283] (II) intel(0): Output VIRTUAL1 disconnected
[    29.283] (II) intel(0): Using user preference for initial modes
[    29.283] (II) intel(0): Output LVDS1 using initial mode 1280x800 +0+0
[    29.283] (II) intel(0): Output VGA1 using initial mode 1920x1080_60.00 +0+0
[    29.283] (==) intel(0): TearFree disabled
[    29.283] (==) intel(0): Using gamma correction (1.0, 1.0, 1.0)
[    29.283] (**) intel(0): Display dimensions: (260, 160) mm
[    29.283] (**) intel(0): DPI set to (187, 171)
[    29.283] (II) Loading sub module "dri3"
[    29.283] (II) LoadModule: "dri3"
[    29.283] (II) Module "dri3" already built-in
[    29.283] (II) Loading sub module "dri2"
[    29.283] (II) LoadModule: "dri2"
[    29.283] (II) Module "dri2" already built-in
[    29.283] (II) Loading sub module "present"
[    29.283] (II) LoadModule: "present"
[    29.283] (II) Module "present" already built-in
[    29.288] (II) intel(0): SNA initialized with Eaglelake (gen4.5) backend
[    29.288] (==) intel(0): Backing store enabled
[    29.288] (==) intel(0): Silken mouse enabled
[    29.288] (II) intel(0): HW Cursor enabled
[    29.288] (==) intel(0): DPMS enabled
[    29.288] (==) intel(0): Display hotplug detection enabled
[    29.289] (II) intel(0): [XvMC] xvmc_vld driver initialized.
[    29.289] (II) intel(0): [DRI2] Setup complete
[    29.289] (II) intel(0): [DRI2]   DRI driver: i965
[    29.289] (II) intel(0): [DRI2]   VDPAU driver: va_gl
[    29.289] (II) intel(0): direct rendering: DRI2 DRI3 enabled
[    29.289] (II) intel(0): hardware support for Present enabled
[    29.289] (II) Initializing extension Generic Event Extension
[    29.289] (II) Initializing extension SHAPE
[    29.290] (II) Initializing extension MIT-SHM
[    29.290] (II) Initializing extension XInputExtension
[    29.291] (II) Initializing extension XTEST
[    29.291] (II) Initializing extension BIG-REQUESTS
[    29.291] (II) Initializing extension SYNC
[    29.291] (II) Initializing extension XKEYBOARD
[    29.291] (II) Initializing extension XC-MISC
[    29.292] (II) Initializing extension SECURITY
[    29.292] (II) Initializing extension XFIXES
[    29.292] (II) Initializing extension RENDER
[    29.292] (II) Initializing extension RANDR
[    29.292] (II) Initializing extension COMPOSITE
[    29.293] (II) Initializing extension DAMAGE
[    29.293] (II) Initializing extension MIT-SCREEN-SAVER
[    29.293] (II) Initializing extension DOUBLE-BUFFER
[    29.293] (II) Initializing extension RECORD
[    29.293] (II) Initializing extension DPMS
[    29.293] (II) Initializing extension Present
[    29.294] (II) Initializing extension DRI3
[    29.294] (II) Initializing extension X-Resource
[    29.294] (II) Initializing extension XVideo
[    29.294] (II) Initializing extension XVideo-MotionCompensation
[    29.294] (II) Initializing extension GLX
[    29.296] (EE) AIGLX error: dlopen of /usr/lib/dri/i965_dri.so failed (/usr/lib/dri/i965_dri.so: cannot open shared object file: No such file or directory)
[    29.296] (EE) AIGLX error: unable to load driver i965
[    29.556] (II) IGLX: Loaded and initialized swrast
[    29.556] (II) GLX: Initialized DRISWRAST GL provider for screen 0
[    29.556] (II) Initializing extension XFree86-VidModeExtension
[    29.556] (II) Initializing extension XFree86-DGA
[    29.556] (II) Initializing extension XFree86-DRI
[    29.556] (II) Initializing extension DRI2
[    29.566] (II) intel(0): switch to mode 1280x800@60.0 on LVDS1 using pipe 0, position (0, 0), rotation normal, reflection none
[    29.581] (II) intel(0): switch to mode 1920x1080@60.0 on VGA1 using pipe 1, position (0, 0), rotation normal, reflection none
[    29.596] (II) intel(0): Setting screen physical size to 508 x 285
[    29.693] (II) config/udev: Adding input device Power Button (/dev/input/event2)
[    29.694] (**) Power Button: Applying InputClass "libinput keyboard catchall"
[    29.694] (**) Power Button: Applying InputClass "system-keyboard"
[    29.694] (II) LoadModule: "libinput"
[    29.694] (II) Loading /usr/lib/xorg/modules/input/libinput_drv.so
[    29.699] (II) Module libinput: vendor="X.Org Foundation"
[    29.699] 	compiled for 1.21.1.13, module version = 1.4.0
[    29.699] 	Module class: X.Org XInput Driver
[    29.699] 	ABI class: X.Org XInput driver, version 24.4
[    29.699] (II) Using input driver 'libinput' for 'Power Button'
[    29.701] (II) systemd-logind: got fd for /dev/input/event2 13:66 fd 23 paused 0
[    29.701] (**) Power Button: always reports core events
[    29.701] (**) Option "Device" "/dev/input/event2"
[    29.719] (II) event2  - Power Button: is tagged by udev as: Keyboard
[    29.722] (II) event2  - Power Button: device is a keyboard
[    29.723] (II) event2  - Power Button: device removed
[    29.723] (**) Option "config_info" "udev:/sys/devices/LNXSYSTM:00/LNXPWRBN:00/input/input2/event2"
[    29.723] (II) XINPUT: Adding extended input device "Power Button" (type: KEYBOARD, id 6)
[    29.723] (**) Option "xkb_model" "pc105"
[    29.723] (**) Option "xkb_layout" "fr"
[    29.723] (**) Option "xkb_options" "terminate:ctrl_alt_bksp"
[    29.755] (II) event2  - Power Button: is tagged by udev as: Keyboard
[    29.755] (II) event2  - Power Button: device is a keyboard
[    29.760] (II) config/udev: Adding input device Video Bus (/dev/input/event17)
[    29.760] (**) Video Bus: Applying InputClass "libinput keyboard catchall"
[    29.760] (**) Video Bus: Applying InputClass "system-keyboard"
[    29.760] (II) Using input driver 'libinput' for 'Video Bus'
[    29.761] (II) systemd-logind: got fd for /dev/input/event17 13:81 fd 26 paused 0
[    29.761] (**) Video Bus: always reports core events
[    29.761] (**) Option "Device" "/dev/input/event17"
[    29.762] (II) event17 - Video Bus: is tagged by udev as: Keyboard
[    29.762] (II) event17 - Video Bus: device is a keyboard
[    29.766] (II) event17 - Video Bus: device removed
[    29.766] (**) Option "config_info" "udev:/sys/devices/LNXSYSTM:00/LNXSYBUS:00/PNP0A08:00/LNXVIDEO:00/input/input18/event17"
[    29.766] (II) XINPUT: Adding extended input device "Video Bus" (type: KEYBOARD, id 7)
[    29.766] (**) Option "xkb_model" "pc105"
[    29.766] (**) Option "xkb_layout" "fr"
[    29.766] (**) Option "xkb_options" "terminate:ctrl_alt_bksp"
[    29.767] (II) event17 - Video Bus: is tagged by udev as: Keyboard
[    29.767] (II) event17 - Video Bus: device is a keyboard
[    29.768] (II) config/udev: Adding input device Lid Switch (/dev/input/event0)
[    29.768] (II) No input driver specified, ignoring this device.
[    29.768] (II) This device may have been added with another device file.
[    29.769] (II) config/udev: Adding input device Sleep Button (/dev/input/event1)
[    29.769] (**) Sleep Button: Applying InputClass "libinput keyboard catchall"
[    29.769] (**) Sleep Button: Applying InputClass "system-keyboard"
[    29.769] (II) Using input driver 'libinput' for 'Sleep Button'
[    29.770] (II) systemd-logind: got fd for /dev/input/event1 13:65 fd 27 paused 0
[    29.770] (**) Sleep Button: always reports core events
[    29.770] (**) Option "Device" "/dev/input/event1"
[    29.771] (II) event1  - Sleep Button: is tagged by udev as: Keyboard
[    29.772] (II) event1  - Sleep Button: device is a keyboard
[    29.772] (II) event1  - Sleep Button: device removed
[    29.772] (**) Option "config_info" "udev:/sys/devices/LNXSYSTM:00/LNXSYBUS:00/PNP0C0E:00/input/input1/event1"
[    29.772] (II) XINPUT: Adding extended input device "Sleep Button" (type: KEYBOARD, id 8)
[    29.772] (**) Option "xkb_model" "pc105"
[    29.772] (**) Option "xkb_layout" "fr"
[    29.772] (**) Option "xkb_options" "terminate:ctrl_alt_bksp"
[    29.776] (II) event1  - Sleep Button: is tagged by udev as: Keyboard
[    29.776] (II) event1  - Sleep Button: device is a keyboard
[    29.779] (II) config/udev: Adding input device Logitech USB Optical Mouse (/dev/input/event3)
[    29.779] (**) Logitech USB Optical Mouse: Applying InputClass "libinput pointer catchall"
[    29.779] (II) Using input driver 'libinput' for 'Logitech USB Optical Mouse'
[    29.783] (II) systemd-logind: got fd for /dev/input/event3 13:67 fd 28 paused 0
[    29.783] (**) Logitech USB Optical Mouse: always reports core events
[    29.783] (**) Option "Device" "/dev/input/event3"
[    29.785] (II) event3  - Logitech USB Optical Mouse: is tagged by udev as: Mouse
[    29.785] (II) event3  - Logitech USB Optical Mouse: device is a pointer
[    29.786] (II) event3  - Logitech USB Optical Mouse: device removed
[    29.786] (II) libinput: Logitech USB Optical Mouse: Step value 0 was provided, libinput Fallback acceleration function is used.
[    29.786] (II) libinput: Logitech USB Optical Mouse: Step value 0 was provided, libinput Fallback acceleration function is used.
[    29.786] (II) libinput: Logitech USB Optical Mouse: Step value 0 was provided, libinput Fallback acceleration function is used.
[    29.786] (**) Option "config_info" "udev:/sys/devices/pci0000:00/0000:00:1a.7/usb2/2-5/2-5.2/2-5.2:1.0/0003:046D:C077.0001/input/input3/event3"
[    29.786] (II) XINPUT: Adding extended input device "Logitech USB Optical Mouse" (type: MOUSE, id 9)
[    29.786] (**) Option "AccelerationScheme" "none"
[    29.786] (**) Logitech USB Optical Mouse: (accel) selected scheme none/0
[    29.786] (**) Logitech USB Optical Mouse: (accel) acceleration factor: 2.000
[    29.786] (**) Logitech USB Optical Mouse: (accel) acceleration threshold: 4
[    29.788] (II) event3  - Logitech USB Optical Mouse: is tagged by udev as: Mouse
[    29.788] (II) event3  - Logitech USB Optical Mouse: device is a pointer
[    29.790] (II) config/udev: Adding input device Logitech USB Optical Mouse (/dev/input/mouse0)
[    29.790] (II) No input driver specified, ignoring this device.
[    29.790] (II) This device may have been added with another device file.
[    29.791] (II) config/udev: Adding input device NACON NACON/Bigben Interactive (/dev/input/event4)
[    29.791] (**) NACON NACON/Bigben Interactive: Applying InputClass "libinput keyboard catchall"
[    29.791] (**) NACON NACON/Bigben Interactive: Applying InputClass "system-keyboard"
[    29.791] (II) Using input driver 'libinput' for 'NACON NACON/Bigben Interactive'
[    29.792] (II) systemd-logind: got fd for /dev/input/event4 13:68 fd 29 paused 0
[    29.792] (**) NACON NACON/Bigben Interactive: always reports core events
[    29.792] (**) Option "Device" "/dev/input/event4"
[    29.795] (II) event4  - NACON NACON/Bigben Interactive: is tagged by udev as: Keyboard
[    29.795] (II) event4  - NACON NACON/Bigben Interactive: device is a keyboard
[    29.795] (II) event4  - NACON NACON/Bigben Interactive: device removed
[    29.795] (**) Option "config_info" "udev:/sys/devices/pci0000:00/0000:00:1a.7/usb2/2-5/2-5.3/2-5.3:1.0/0003:146B:0B04.0002/input/input4/event4"
[    29.795] (II) XINPUT: Adding extended input device "NACON NACON/Bigben Interactive" (type: KEYBOARD, id 10)
[    29.795] (**) Option "xkb_model" "pc105"
[    29.795] (**) Option "xkb_layout" "fr"
[    29.795] (**) Option "xkb_options" "terminate:ctrl_alt_bksp"
[    29.798] (II) event4  - NACON NACON/Bigben Interactive: is tagged by udev as: Keyboard
[    29.798] (II) event4  - NACON NACON/Bigben Interactive: device is a keyboard
[    29.799] (II) config/udev: Adding input device NACON NACON/Bigben Interactive Mouse (/dev/input/event9)
[    29.799] (**) NACON NACON/Bigben Interactive Mouse: Applying InputClass "libinput pointer catchall"
[    29.799] (II) Using input driver 'libinput' for 'NACON NACON/Bigben Interactive Mouse'
[    29.800] (II) systemd-logind: got fd for /dev/input/event9 13:73 fd 30 paused 0
[    29.800] (**) NACON NACON/Bigben Interactive Mouse: always reports core events
[    29.800] (**) Option "Device" "/dev/input/event9"
[    29.803] (II) event9  - NACON NACON/Bigben Interactive Mouse: is tagged by udev as: Mouse
[    29.803] (II) event9  - NACON NACON/Bigben Interactive Mouse: device is a pointer
[    29.803] (II) event9  - NACON NACON/Bigben Interactive Mouse: device removed
[    29.803] (II) libinput: NACON NACON/Bigben Interactive Mouse: Step value 0 was provided, libinput Fallback acceleration function is used.
[    29.803] (II) libinput: NACON NACON/Bigben Interactive Mouse: Step value 0 was provided, libinput Fallback acceleration function is used.
[    29.803] (II) libinput: NACON NACON/Bigben Interactive Mouse: Step value 0 was provided, libinput Fallback acceleration function is used.
[    29.803] (**) Option "config_info" "udev:/sys/devices/pci0000:00/0000:00:1a.7/usb2/2-5/2-5.3/2-5.3:1.1/0003:146B:0B04.0003/input/input10/event9"
[    29.803] (II) XINPUT: Adding extended input device "NACON NACON/Bigben Interactive Mouse" (type: MOUSE, id 11)
[    29.803] (**) Option "AccelerationScheme" "none"
[    29.804] (**) NACON NACON/Bigben Interactive Mouse: (accel) selected scheme none/0
[    29.804] (**) NACON NACON/Bigben Interactive Mouse: (accel) acceleration factor: 2.000
[    29.804] (**) NACON NACON/Bigben Interactive Mouse: (accel) acceleration threshold: 4
[    29.806] (II) event9  - NACON NACON/Bigben Interactive Mouse: is tagged by udev as: Mouse
[    29.806] (II) event9  - NACON NACON/Bigben Interactive Mouse: device is a pointer
[    29.807] (II) config/udev: Adding input device NACON NACON/Bigben Interactive Mouse (/dev/input/mouse1)
[    29.807] (II) No input driver specified, ignoring this device.
[    29.807] (II) This device may have been added with another device file.
[    29.809] (II) config/udev: Adding input device NACON NACON/Bigben Interactive Keyboard (/dev/input/event6)
[    29.809] (**) NACON NACON/Bigben Interactive Keyboard: Applying InputClass "libinput keyboard catchall"
[    29.809] (**) NACON NACON/Bigben Interactive Keyboard: Applying InputClass "system-keyboard"
[    29.809] (II) Using input driver 'libinput' for 'NACON NACON/Bigben Interactive Keyboard'
[    29.810] (II) systemd-logind: got fd for /dev/input/event6 13:70 fd 31 paused 0
[    29.810] (**) NACON NACON/Bigben Interactive Keyboard: always reports core events
[    29.810] (**) Option "Device" "/dev/input/event6"
[    29.813] (II) event6  - NACON NACON/Bigben Interactive Keyboard: is tagged by udev as: Keyboard
[    29.813] (II) event6  - NACON NACON/Bigben Interactive Keyboard: device is a keyboard
[    29.813] (II) event6  - NACON NACON/Bigben Interactive Keyboard: device removed
[    29.813] (II) libinput: NACON NACON/Bigben Interactive Keyboard: needs a virtual subdevice
[    29.813] (**) Option "config_info" "udev:/sys/devices/pci0000:00/0000:00:1a.7/usb2/2-5/2-5.3/2-5.3:1.1/0003:146B:0B04.0003/input/input7/event6"
[    29.814] (II) XINPUT: Adding extended input device "NACON NACON/Bigben Interactive Keyboard" (type: MOUSE, id 12)
[    29.814] (**) Option "AccelerationScheme" "none"
[    29.814] (**) NACON NACON/Bigben Interactive Keyboard: (accel) selected scheme none/0
[    29.814] (**) NACON NACON/Bigben Interactive Keyboard: (accel) acceleration factor: 2.000
[    29.814] (**) NACON NACON/Bigben Interactive Keyboard: (accel) acceleration threshold: 4
[    29.816] (II) event6  - NACON NACON/Bigben Interactive Keyboard: is tagged by udev as: Keyboard
[    29.816] (II) event6  - NACON NACON/Bigben Interactive Keyboard: device is a keyboard
[    29.818] (II) config/udev: Adding input device NACON NACON/Bigben Interactive (/dev/input/event7)
[    29.818] (II) No input driver specified, ignoring this device.
[    29.818] (II) This device may have been added with another device file.
[    29.819] (II) config/udev: Adding input device NACON NACON/Bigben Interactive (/dev/input/event8)
[    29.819] (II) No input driver specified, ignoring this device.
[    29.819] (II) This device may have been added with another device file.
[    29.820] (II) config/udev: Adding input device HDA Intel Mic (/dev/input/event13)
[    29.820] (II) No input driver specified, ignoring this device.
[    29.820] (II) This device may have been added with another device file.
[    29.820] (II) config/udev: Adding input device HDA Intel Dock Mic (/dev/input/event14)
[    29.820] (II) No input driver specified, ignoring this device.
[    29.820] (II) This device may have been added with another device file.
[    29.821] (II) config/udev: Adding input device HDA Intel Dock Headphone (/dev/input/event15)
[    29.821] (II) No input driver specified, ignoring this device.
[    29.821] (II) This device may have been added with another device file.
[    29.821] (II) config/udev: Adding input device HDA Intel Headphone (/dev/input/event16)
[    29.821] (II) No input driver specified, ignoring this device.
[    29.821] (II) This device may have been added with another device file.
[    29.822] (II) config/udev: Adding input device AT Translated Set 2 keyboard (/dev/input/event5)
[    29.822] (**) AT Translated Set 2 keyboard: Applying InputClass "libinput keyboard catchall"
[    29.822] (**) AT Translated Set 2 keyboard: Applying InputClass "system-keyboard"
[    29.822] (II) Using input driver 'libinput' for 'AT Translated Set 2 keyboard'
[    29.823] (II) systemd-logind: got fd for /dev/input/event5 13:69 fd 32 paused 0
[    29.823] (**) AT Translated Set 2 keyboard: always reports core events
[    29.823] (**) Option "Device" "/dev/input/event5"
[    29.825] (II) event5  - AT Translated Set 2 keyboard: is tagged by udev as: Keyboard
[    29.825] (II) event5  - AT Translated Set 2 keyboard: device is a keyboard
[    29.826] (II) event5  - AT Translated Set 2 keyboard: device removed
[    29.826] (**) Option "config_info" "udev:/sys/devices/platform/i8042/serio0/input/input5/event5"
[    29.826] (II) XINPUT: Adding extended input device "AT Translated Set 2 keyboard" (type: KEYBOARD, id 13)
[    29.826] (**) Option "xkb_model" "pc105"
[    29.826] (**) Option "xkb_layout" "fr"
[    29.826] (**) Option "xkb_options" "terminate:ctrl_alt_bksp"
[    29.827] (II) event5  - AT Translated Set 2 keyboard: is tagged by udev as: Keyboard
[    29.828] (II) event5  - AT Translated Set 2 keyboard: device is a keyboard
[    29.829] (II) config/udev: Adding input device TPPS/2 IBM TrackPoint (/dev/input/event12)
[    29.829] (**) TPPS/2 IBM TrackPoint: Applying InputClass "libinput pointer catchall"
[    29.829] (II) Using input driver 'libinput' for 'TPPS/2 IBM TrackPoint'
[    29.830] (II) systemd-logind: got fd for /dev/input/event12 13:76 fd 33 paused 0
[    29.830] (**) TPPS/2 IBM TrackPoint: always reports core events
[    29.830] (**) Option "Device" "/dev/input/event12"
[    29.832] (II) event12 - TPPS/2 IBM TrackPoint: is tagged by udev as: Mouse Pointingstick
[    29.832] (II) event12 - TPPS/2 IBM TrackPoint: trackpoint multiplier is 1.25
[    29.832] (II) event12 - TPPS/2 IBM TrackPoint: device is a pointer
[    29.833] (II) event12 - TPPS/2 IBM TrackPoint: device removed
[    29.833] (II) libinput: TPPS/2 IBM TrackPoint: Step value 0 was provided, libinput Fallback acceleration function is used.
[    29.833] (II) libinput: TPPS/2 IBM TrackPoint: Step value 0 was provided, libinput Fallback acceleration function is used.
[    29.833] (II) libinput: TPPS/2 IBM TrackPoint: Step value 0 was provided, libinput Fallback acceleration function is used.
[    29.833] (**) Option "config_info" "udev:/sys/devices/platform/i8042/serio1/input/input12/event12"
[    29.833] (II) XINPUT: Adding extended input device "TPPS/2 IBM TrackPoint" (type: MOUSE, id 14)
[    29.834] (**) Option "AccelerationScheme" "none"
[    29.834] (**) TPPS/2 IBM TrackPoint: (accel) selected scheme none/0
[    29.834] (**) TPPS/2 IBM TrackPoint: (accel) acceleration factor: 2.000
[    29.834] (**) TPPS/2 IBM TrackPoint: (accel) acceleration threshold: 4
[    29.835] (II) event12 - TPPS/2 IBM TrackPoint: is tagged by udev as: Mouse Pointingstick
[    29.835] (II) event12 - TPPS/2 IBM TrackPoint: trackpoint multiplier is 1.25
[    29.835] (II) event12 - TPPS/2 IBM TrackPoint: device is a pointer
[    29.837] (II) config/udev: Adding input device TPPS/2 IBM TrackPoint (/dev/input/mouse2)
[    29.837] (II) No input driver specified, ignoring this device.
[    29.837] (II) This device may have been added with another device file.
[    29.838] (II) config/udev: Adding input device PC Speaker (/dev/input/event10)
[    29.838] (II) No input driver specified, ignoring this device.
[    29.838] (II) This device may have been added with another device file.
[    29.843] (II) config/udev: Adding input device ThinkPad Extra Buttons (/dev/input/event11)
[    29.843] (**) ThinkPad Extra Buttons: Applying InputClass "libinput keyboard catchall"
[    29.843] (**) ThinkPad Extra Buttons: Applying InputClass "system-keyboard"
[    29.843] (II) Using input driver 'libinput' for 'ThinkPad Extra Buttons'
[    29.844] (II) systemd-logind: got fd for /dev/input/event11 13:75 fd 34 paused 0
[    29.844] (**) ThinkPad Extra Buttons: always reports core events
[    29.844] (**) Option "Device" "/dev/input/event11"
[    29.845] (II) event11 - ThinkPad Extra Buttons: is tagged by udev as: Keyboard Switch
[    29.845] (II) event11 - ThinkPad Extra Buttons: device is a keyboard
[    29.845] (II) event11 - ThinkPad Extra Buttons: device removed
[    29.845] (**) Option "config_info" "udev:/sys/devices/platform/thinkpad_acpi/input/input13/event11"
[    29.845] (II) XINPUT: Adding extended input device "ThinkPad Extra Buttons" (type: KEYBOARD, id 15)
[    29.845] (**) Option "xkb_model" "pc105"
[    29.845] (**) Option "xkb_layout" "fr"
[    29.845] (**) Option "xkb_options" "terminate:ctrl_alt_bksp"
[    29.847] (II) event11 - ThinkPad Extra Buttons: is tagged by udev as: Keyboard Switch
[    29.847] (II) event11 - ThinkPad Extra Buttons: device is a keyboard
[    29.899] (**) NACON NACON/Bigben Interactive Keyboard: Applying InputClass "libinput keyboard catchall"
[    29.899] (**) NACON NACON/Bigben Interactive Keyboard: Applying InputClass "system-keyboard"
[    29.899] (II) Using input driver 'libinput' for 'NACON NACON/Bigben Interactive Keyboard'
[    29.899] (II) systemd-logind: returning pre-existing fd for /dev/input/event6 13:70
[    29.899] (**) NACON NACON/Bigben Interactive Keyboard: always reports core events
[    29.899] (**) Option "Device" "/dev/input/event6"
[    29.899] (II) libinput: NACON NACON/Bigben Interactive Keyboard: is a virtual subdevice
[    29.899] (**) Option "config_info" "udev:/sys/devices/pci0000:00/0000:00:1a.7/usb2/2-5/2-5.3/2-5.3:1.1/0003:146B:0B04.0003/input/input7/event6"
[    29.899] (II) XINPUT: Adding extended input device "NACON NACON/Bigben Interactive Keyboard" (type: KEYBOARD, id 16)
[    29.899] (**) Option "xkb_model" "pc105"
[    29.899] (**) Option "xkb_layout" "fr"
[    29.899] (**) Option "xkb_options" "terminate:ctrl_alt_bksp"
[  3870.840] (II) config/udev: Adding input device Wan QC35 (AVRCP) (/dev/input/event18)
[  3870.840] (**) Wan QC35 (AVRCP): Applying InputClass "libinput keyboard catchall"
[  3870.840] (**) Wan QC35 (AVRCP): Applying InputClass "system-keyboard"
[  3870.840] (II) Using input driver 'libinput' for 'Wan QC35 (AVRCP)'
[  3870.844] (II) systemd-logind: got fd for /dev/input/event18 13:82 fd 47 paused 0
[  3870.844] (**) Wan QC35 (AVRCP): always reports core events
[  3870.844] (**) Option "Device" "/dev/input/event18"
[  3870.845] (II) event18 - Wan QC35 (AVRCP): is tagged by udev as: Keyboard
[  3870.845] (II) event18 - Wan QC35 (AVRCP): device is a keyboard
[  3870.846] (II) event18 - Wan QC35 (AVRCP): device removed
[  3870.846] (**) Option "config_info" "udev:/sys/devices/virtual/input/input19/event18"
[  3870.846] (II) XINPUT: Adding extended input device "Wan QC35 (AVRCP)" (type: KEYBOARD, id 17)
[  3870.846] (**) Option "xkb_model" "pc105"
[  3870.846] (**) Option "xkb_layout" "fr"
[  3870.847] (**) Option "xkb_options" "terminate:ctrl_alt_bksp"
[  3870.848] (II) event18 - Wan QC35 (AVRCP): is tagged by udev as: Keyboard
[  3870.848] (II) event18 - Wan QC35 (AVRCP): device is a keyboard
