[ 18246.027] 
X.Org X Server 1.21.1.13
X Protocol Version 11, Revision 0
[ 18246.031] Current Operating System: Linux verusarch 6.8.9-arch1-1 #1 SMP PREEMPT_DYNAMIC Thu, 02 May 2024 17:49:46 +0000 x86_64
[ 18246.031] Kernel command line: BOOT_IMAGE=/vmlinuz-linux root=UUID=09fc7c39-c865-4cef-b3bb-a889931587eb rw zswap.enabled=0 rootfstype=ext4 loglevel=3 quiet
[ 18246.034]  
[ 18246.036] Current version of pixman: 0.43.4
[ 18246.039] 	Before reporting problems, check http://wiki.x.org
	to make sure that you have the latest version.
[ 18246.040] Markers: (--) probed, (**) from config file, (==) default setting,
	(++) from command line, (!!) notice, (II) informational,
	(WW) warning, (EE) error, (NI) not implemented, (??) unknown.
[ 18246.045] (==) Log file: "/home/verusvir/.local/share/xorg/Xorg.2.log", Time: Sat May  4 01:04:00 2024
[ 18246.048] (==) Using config directory: "/etc/X11/xorg.conf.d"
[ 18246.049] (==) Using system config directory "/usr/share/X11/xorg.conf.d"
[ 18246.049] (==) No Layout section.  Using the first Screen section.
[ 18246.049] (==) No screen section available. Using defaults.
[ 18246.049] (**) |-->Screen "Default Screen Section" (0)
[ 18246.049] (**) |   |-->Monitor "<default monitor>"
[ 18246.049] (==) No monitor specified for screen "Default Screen Section".
	Using a default monitor configuration.
[ 18246.049] (**) Allowing byte-swapped clients
[ 18246.049] (==) Automatically adding devices
[ 18246.049] (==) Automatically enabling devices
[ 18246.049] (==) Automatically adding GPU devices
[ 18246.049] (==) Automatically binding GPU devices
[ 18246.049] (==) Max clients allowed: 256, resource mask: 0x1fffff
[ 18246.049] (WW) The directory "/usr/share/fonts/misc" does not exist.
[ 18246.049] 	Entry deleted from font path.
[ 18246.049] (WW) The directory "/usr/share/fonts/TTF" does not exist.
[ 18246.049] 	Entry deleted from font path.
[ 18246.049] (WW) The directory "/usr/share/fonts/OTF" does not exist.
[ 18246.049] 	Entry deleted from font path.
[ 18246.050] (WW) The directory "/usr/share/fonts/Type1" does not exist.
[ 18246.050] 	Entry deleted from font path.
[ 18246.050] (WW) The directory "/usr/share/fonts/100dpi" does not exist.
[ 18246.050] 	Entry deleted from font path.
[ 18246.050] (WW) The directory "/usr/share/fonts/75dpi" does not exist.
[ 18246.050] 	Entry deleted from font path.
[ 18246.050] (==) FontPath set to:
	
[ 18246.050] (==) ModulePath set to "/usr/lib/xorg/modules"
[ 18246.050] (II) The server relies on udev to provide the list of input devices.
	If no devices become available, reconfigure udev or disable AutoAddDevices.
[ 18246.050] (II) Module ABI versions:
[ 18246.050] 	X.Org ANSI C Emulation: 0.4
[ 18246.050] 	X.Org Video Driver: 25.2
[ 18246.050] 	X.Org XInput driver : 24.4
[ 18246.050] 	X.Org Server Extension : 10.0
[ 18246.050] (++) using VT number 2

[ 18246.051] (II) systemd-logind: took control of session /org/freedesktop/login1/session/_34
[ 18246.053] (II) xfree86: Adding drm device (/dev/dri/card1)
[ 18246.053] (II) Platform probe for /sys/devices/pci0000:00/0000:00:02.0/drm/card1
[ 18246.054] (II) systemd-logind: got fd for /dev/dri/card1 226:1 fd 13 paused 0
[ 18246.059] (--) PCI:*(0@0:2:0) 8086:2a42:17aa:20e4 rev 7, Mem @ 0xf2000000/4194304, 0xd0000000/268435456, I/O @ 0x00001800/8, BIOS @ 0x????????/131072
[ 18246.059] (--) PCI: (0@0:2:1) 8086:2a43:17aa:20e4 rev 7, Mem @ 0xf2400000/1048576
[ 18246.059] (WW) Open ACPI failed (/var/run/acpid.socket) (No such file or directory)
[ 18246.059] (II) LoadModule: "glx"
[ 18246.059] (II) Loading /usr/lib/xorg/modules/extensions/libglx.so
[ 18246.062] (II) Module glx: vendor="X.Org Foundation"
[ 18246.062] 	compiled for 1.21.1.13, module version = 1.0.0
[ 18246.062] 	ABI class: X.Org Server Extension, version 10.0
[ 18246.062] (==) Matched intel as autoconfigured driver 0
[ 18246.062] (==) Matched modesetting as autoconfigured driver 1
[ 18246.062] (==) Matched fbdev as autoconfigured driver 2
[ 18246.062] (==) Matched vesa as autoconfigured driver 3
[ 18246.062] (==) Assigned the driver to the xf86ConfigLayout
[ 18246.062] (II) LoadModule: "intel"
[ 18246.062] (WW) Warning, couldn't open module intel
[ 18246.062] (EE) Failed to load module "intel" (module does not exist, 0)
[ 18246.062] (II) LoadModule: "modesetting"
[ 18246.062] (II) Loading /usr/lib/xorg/modules/drivers/modesetting_drv.so
[ 18246.063] (II) Module modesetting: vendor="X.Org Foundation"
[ 18246.063] 	compiled for 1.21.1.13, module version = 1.21.1
[ 18246.063] 	Module class: X.Org Video Driver
[ 18246.063] 	ABI class: X.Org Video Driver, version 25.2
[ 18246.063] (II) LoadModule: "fbdev"
[ 18246.063] (WW) Warning, couldn't open module fbdev
[ 18246.063] (EE) Failed to load module "fbdev" (module does not exist, 0)
[ 18246.063] (II) LoadModule: "vesa"
[ 18246.063] (WW) Warning, couldn't open module vesa
[ 18246.063] (EE) Failed to load module "vesa" (module does not exist, 0)
[ 18246.063] (II) modesetting: Driver for Modesetting Kernel Drivers: kms
[ 18246.063] (II) modeset(0): using drv /dev/dri/card1
[ 18246.063] (WW) VGA arbiter: cannot open kernel arbiter, no multi-card support
[ 18246.064] (II) modeset(0): Creating default Display subsection in Screen section
	"Default Screen Section" for depth/fbbpp 24/32
[ 18246.064] (==) modeset(0): Depth 24, (==) framebuffer bpp 32
[ 18246.064] (==) modeset(0): RGB weight 888
[ 18246.064] (==) modeset(0): Default visual is TrueColor
[ 18246.064] (II) Loading sub module "glamoregl"
[ 18246.064] (II) LoadModule: "glamoregl"
[ 18246.064] (II) Loading /usr/lib/xorg/modules/libglamoregl.so
[ 18246.069] (II) Module glamoregl: vendor="X.Org Foundation"
[ 18246.069] 	compiled for 1.21.1.13, module version = 1.0.1
[ 18246.069] 	ABI class: X.Org ANSI C Emulation, version 0.4
[ 18246.160] (II) modeset(0): glamor X acceleration enabled on Mesa Mobile Intel® GM45 Express Chipset (CTG)
[ 18246.160] (II) modeset(0): glamor initialized
[ 18246.160] (==) modeset(0): VariableRefresh: disabled
[ 18246.160] (==) modeset(0): AsyncFlipSecondaries: disabled
[ 18246.160] (II) modeset(0): Output LVDS-1 has no monitor section
[ 18246.168] (II) modeset(0): Output VGA-1 has no monitor section
[ 18246.271] (II) modeset(0): Output HDMI-1 has no monitor section
[ 18246.373] (II) modeset(0): Output DP-1 has no monitor section
[ 18246.374] (II) modeset(0): Output HDMI-2 has no monitor section
[ 18246.374] (II) modeset(0): Output DP-2 has no monitor section
[ 18246.476] (II) modeset(0): Output DP-3 has no monitor section
[ 18246.476] (II) modeset(0): EDID for output LVDS-1
[ 18246.476] (II) modeset(0): Manufacturer: LEN  Model: 4010  Serial#: 0
[ 18246.476] (II) modeset(0): Year: 2007  Week: 1
[ 18246.476] (II) modeset(0): EDID Version: 1.3
[ 18246.476] (II) modeset(0): Digital Display Input
[ 18246.476] (II) modeset(0): Max Image Size [cm]: horiz.: 26  vert.: 16
[ 18246.476] (II) modeset(0): Gamma: 2.20
[ 18246.476] (II) modeset(0): DPMS capabilities: StandBy Suspend Off
[ 18246.476] (II) modeset(0): Supported color encodings: RGB 4:4:4 YCrCb 4:4:4 
[ 18246.476] (II) modeset(0): First detailed timing is preferred mode
[ 18246.476] (II) modeset(0): redX: 0.580 redY: 0.340   greenX: 0.310 greenY: 0.550
[ 18246.476] (II) modeset(0): blueX: 0.155 blueY: 0.155   whiteX: 0.313 whiteY: 0.329
[ 18246.476] (II) modeset(0): Manufacturer's mask: 0
[ 18246.476] (II) modeset(0): Supported detailed timing:
[ 18246.476] (II) modeset(0): clock: 71.1 MHz   Image Size:  261 x 163 mm
[ 18246.476] (II) modeset(0): h_active: 1280  h_sync: 1328  h_sync_end 1360 h_blank_end 1440 h_border: 0
[ 18246.476] (II) modeset(0): v_active: 800  v_sync: 803  v_sync_end 809 v_blanking: 823 v_border: 0
[ 18246.476] (II) modeset(0): Supported detailed timing:
[ 18246.476] (II) modeset(0): clock: 59.3 MHz   Image Size:  261 x 163 mm
[ 18246.476] (II) modeset(0): h_active: 1280  h_sync: 1328  h_sync_end 1360 h_blank_end 1440 h_border: 0
[ 18246.476] (II) modeset(0): v_active: 800  v_sync: 803  v_sync_end 809 v_blanking: 823 v_border: 0
[ 18246.476] (II) modeset(0): Unknown vendor-specific block f
[ 18246.476] (II) modeset(0):  B121EW03 V6
[ 18246.476] (II) modeset(0): EDID (in hex):
[ 18246.476] (II) modeset(0): 	00ffffffffffff0030ae104000000000
[ 18246.476] (II) modeset(0): 	01110103801a1078ea87f594574f8c27
[ 18246.476] (II) modeset(0): 	27505400000001010101010101010101
[ 18246.476] (II) modeset(0): 	010101010101c61b00a0502017303020
[ 18246.476] (II) modeset(0): 	360005a310000018261700a050201730
[ 18246.476] (II) modeset(0): 	3020360005a3100000180000000f0081
[ 18246.476] (II) modeset(0): 	0a3c810a3214010006af1436000000fe
[ 18246.476] (II) modeset(0): 	004231323145573033205636200a00aa
[ 18246.476] (II) modeset(0): Printing probed modes for output LVDS-1
[ 18246.476] (II) modeset(0): Modeline "1280x800"x60.0   71.10  1280 1328 1360 1440  800 803 809 823 -hsync -vsync (49.4 kHz eP)
[ 18246.476] (II) modeset(0): Modeline "1280x800"x120.0  174.25  1280 1380 1516 1752  800 801 804 829 doublescan -hsync +vsync (99.5 kHz d)
[ 18246.476] (II) modeset(0): Modeline "1280x800"x119.9  134.25  1280 1304 1320 1360  800 801 804 823 doublescan +hsync -vsync (98.7 kHz d)
[ 18246.476] (II) modeset(0): Modeline "1280x800"x59.8   83.50  1280 1352 1480 1680  800 803 809 831 -hsync +vsync (49.7 kHz d)
[ 18246.476] (II) modeset(0): Modeline "1280x800"x59.9   71.00  1280 1328 1360 1440  800 803 809 823 +hsync -vsync (49.3 kHz d)
[ 18246.476] (II) modeset(0): Modeline "1280x800"x50.0   59.26  1280 1328 1360 1440  800 803 809 823 -hsync -vsync (41.2 kHz e)
[ 18246.476] (II) modeset(0): Modeline "1280x720"x120.0  156.12  1280 1376 1512 1744  720 721 724 746 doublescan -hsync +vsync (89.5 kHz d)
[ 18246.476] (II) modeset(0): Modeline "1280x720"x120.0  120.75  1280 1304 1320 1360  720 721 724 740 doublescan +hsync -vsync (88.8 kHz d)
[ 18246.477] (II) modeset(0): Modeline "1280x720"x59.9   74.50  1280 1344 1472 1664  720 723 728 748 -hsync +vsync (44.8 kHz d)
[ 18246.477] (II) modeset(0): Modeline "1280x720"x59.7   63.75  1280 1328 1360 1440  720 723 728 741 +hsync -vsync (44.3 kHz d)
[ 18246.477] (II) modeset(0): Modeline "1024x768"x120.1  133.47  1024 1100 1212 1400  768 768 770 794 doublescan -hsync +vsync (95.3 kHz d)
[ 18246.477] (II) modeset(0): Modeline "1024x768"x60.0   65.00  1024 1048 1184 1344  768 771 777 806 -hsync -vsync (48.4 kHz d)
[ 18246.477] (II) modeset(0): Modeline "960x720"x120.0  117.00  960 1024 1128 1300  720 720 722 750 doublescan -hsync +vsync (90.0 kHz d)
[ 18246.477] (II) modeset(0): Modeline "928x696"x120.1  109.15  928 976 1088 1264  696 696 698 719 doublescan -hsync +vsync (86.4 kHz d)
[ 18246.477] (II) modeset(0): Modeline "896x672"x120.0  102.40  896 960 1060 1224  672 672 674 697 doublescan -hsync +vsync (83.7 kHz d)
[ 18246.477] (II) modeset(0): Modeline "1024x576"x119.9   98.50  1024 1092 1200 1376  576 577 580 597 doublescan -hsync +vsync (71.6 kHz d)
[ 18246.477] (II) modeset(0): Modeline "1024x576"x119.9   78.38  1024 1048 1064 1104  576 577 580 592 doublescan +hsync -vsync (71.0 kHz d)
[ 18246.477] (II) modeset(0): Modeline "1024x576"x59.9   46.50  1024 1064 1160 1296  576 579 584 599 -hsync +vsync (35.9 kHz d)
[ 18246.477] (II) modeset(0): Modeline "1024x576"x59.8   42.00  1024 1072 1104 1184  576 579 584 593 +hsync -vsync (35.5 kHz d)
[ 18246.477] (II) modeset(0): Modeline "960x600"x119.9   96.62  960 1028 1128 1296  600 601 604 622 doublescan -hsync +vsync (74.6 kHz d)
[ 18246.477] (II) modeset(0): Modeline "960x600"x120.0   77.00  960 984 1000 1040  600 601 604 617 doublescan +hsync -vsync (74.0 kHz d)
[ 18246.477] (II) modeset(0): Modeline "960x540"x119.9   86.50  960 1024 1124 1288  540 541 544 560 doublescan -hsync +vsync (67.2 kHz d)
[ 18246.477] (II) modeset(0): Modeline "960x540"x120.0   69.25  960 984 1000 1040  540 541 544 555 doublescan +hsync -vsync (66.6 kHz d)
[ 18246.477] (II) modeset(0): Modeline "960x540"x59.6   40.75  960 992 1088 1216  540 543 548 562 -hsync +vsync (33.5 kHz d)
[ 18246.477] (II) modeset(0): Modeline "960x540"x59.8   37.25  960 1008 1040 1120  540 543 548 556 +hsync -vsync (33.3 kHz d)
[ 18246.477] (II) modeset(0): Modeline "800x600"x120.0   81.00  800 832 928 1080  600 600 602 625 doublescan +hsync +vsync (75.0 kHz d)
[ 18246.477] (II) modeset(0): Modeline "800x600"x60.3   40.00  800 840 968 1056  600 601 605 628 +hsync +vsync (37.9 kHz d)
[ 18246.477] (II) modeset(0): Modeline "800x600"x56.2   36.00  800 824 896 1024  600 601 603 625 +hsync +vsync (35.2 kHz d)
[ 18246.477] (II) modeset(0): Modeline "840x525"x120.0   73.12  840 892 980 1120  525 526 529 544 doublescan -hsync +vsync (65.3 kHz d)
[ 18246.477] (II) modeset(0): Modeline "840x525"x119.8   59.50  840 864 880 920  525 526 529 540 doublescan +hsync -vsync (64.7 kHz d)
[ 18246.477] (II) modeset(0): Modeline "864x486"x59.9   32.50  864 888 968 1072  486 489 494 506 -hsync +vsync (30.3 kHz d)
[ 18246.477] (II) modeset(0): Modeline "864x486"x59.6   30.50  864 912 944 1024  486 489 494 500 +hsync -vsync (29.8 kHz d)
[ 18246.477] (II) modeset(0): Modeline "700x525"x120.0   61.00  700 744 820 940  525 526 532 541 doublescan +hsync +vsync (64.9 kHz d)
[ 18246.477] (II) modeset(0): Modeline "800x450"x119.9   59.12  800 848 928 1056  450 451 454 467 doublescan -hsync +vsync (56.0 kHz d)
[ 18246.477] (II) modeset(0): Modeline "800x450"x119.6   48.75  800 824 840 880  450 451 454 463 doublescan +hsync -vsync (55.4 kHz d)
[ 18246.477] (II) modeset(0): Modeline "640x512"x120.0   54.00  640 664 720 844  512 512 514 533 doublescan +hsync +vsync (64.0 kHz d)
[ 18246.477] (II) modeset(0): Modeline "700x450"x119.9   51.75  700 740 812 924  450 451 456 467 doublescan -hsync +vsync (56.0 kHz d)
[ 18246.477] (II) modeset(0): Modeline "700x450"x119.8   43.25  700 724 740 780  450 451 456 463 doublescan +hsync -vsync (55.4 kHz d)
[ 18246.477] (II) modeset(0): Modeline "640x480"x120.0   54.00  640 688 744 900  480 480 482 500 doublescan +hsync +vsync (60.0 kHz d)
[ 18246.477] (II) modeset(0): Modeline "640x480"x59.9   25.18  640 656 752 800  480 490 492 525 -hsync -vsync (31.5 kHz d)
[ 18246.477] (II) modeset(0): Modeline "720x405"x59.5   22.50  720 744 808 896  405 408 413 422 -hsync +vsync (25.1 kHz d)
[ 18246.477] (II) modeset(0): Modeline "720x405"x59.0   21.75  720 768 800 880  405 408 413 419 +hsync -vsync (24.7 kHz d)
[ 18246.477] (II) modeset(0): Modeline "684x384"x119.8   42.62  684 720 788 892  384 385 390 399 doublescan -hsync +vsync (47.8 kHz d)
[ 18246.477] (II) modeset(0): Modeline "684x384"x119.7   36.12  684 708 724 764  384 385 390 395 doublescan +hsync -vsync (47.3 kHz d)
[ 18246.477] (II) modeset(0): Modeline "640x400"x119.8   41.75  640 676 740 840  400 401 404 415 doublescan -hsync +vsync (49.7 kHz d)
[ 18246.477] (II) modeset(0): Modeline "640x400"x120.0   35.50  640 664 680 720  400 401 404 411 doublescan +hsync -vsync (49.3 kHz d)
[ 18246.477] (II) modeset(0): Modeline "640x360"x119.7   37.25  640 672 736 832  360 361 364 374 doublescan -hsync +vsync (44.8 kHz d)
[ 18246.477] (II) modeset(0): Modeline "640x360"x119.7   31.88  640 664 680 720  360 361 364 370 doublescan +hsync -vsync (44.3 kHz d)
[ 18246.477] (II) modeset(0): Modeline "640x360"x59.8   18.00  640 664 720 800  360 363 368 376 -hsync +vsync (22.5 kHz d)
[ 18246.477] (II) modeset(0): Modeline "640x360"x59.3   17.75  640 688 720 800  360 363 368 374 +hsync -vsync (22.2 kHz d)
[ 18246.477] (II) modeset(0): Modeline "512x384"x120.0   32.50  512 524 592 672  384 385 388 403 doublescan -hsync -vsync (48.4 kHz d)
[ 18246.477] (II) modeset(0): Modeline "512x288"x120.0   23.25  512 532 580 648  288 289 292 299 doublescan -hsync +vsync (35.9 kHz d)
[ 18246.477] (II) modeset(0): Modeline "512x288"x119.8   21.00  512 536 552 592  288 289 292 296 doublescan +hsync -vsync (35.5 kHz d)
[ 18246.477] (II) modeset(0): Modeline "480x270"x119.3   20.38  480 496 544 608  270 271 274 281 doublescan -hsync +vsync (33.5 kHz d)
[ 18246.477] (II) modeset(0): Modeline "480x270"x119.6   18.62  480 504 520 560  270 271 274 278 doublescan +hsync -vsync (33.3 kHz d)
[ 18246.477] (II) modeset(0): Modeline "400x300"x120.6   20.00  400 420 484 528  300 300 302 314 doublescan +hsync +vsync (37.9 kHz d)
[ 18246.477] (II) modeset(0): Modeline "400x300"x112.7   18.00  400 412 448 512  300 300 301 312 doublescan +hsync +vsync (35.2 kHz d)
[ 18246.477] (II) modeset(0): Modeline "432x243"x119.8   16.25  432 444 484 536  243 244 247 253 doublescan -hsync +vsync (30.3 kHz d)
[ 18246.477] (II) modeset(0): Modeline "432x243"x119.1   15.25  432 456 472 512  243 244 247 250 doublescan +hsync -vsync (29.8 kHz d)
[ 18246.477] (II) modeset(0): Modeline "320x240"x120.1   12.59  320 328 376 400  240 245 246 262 doublescan -hsync -vsync (31.5 kHz d)
[ 18246.477] (II) modeset(0): Modeline "360x202"x119.0   11.25  360 372 404 448  202 204 206 211 doublescan -hsync +vsync (25.1 kHz d)
[ 18246.477] (II) modeset(0): Modeline "360x202"x118.3   10.88  360 384 400 440  202 204 206 209 doublescan +hsync -vsync (24.7 kHz d)
[ 18246.477] (II) modeset(0): Modeline "320x180"x119.7    9.00  320 332 360 400  180 181 184 188 doublescan -hsync +vsync (22.5 kHz d)
[ 18246.477] (II) modeset(0): Modeline "320x180"x118.6    8.88  320 344 360 400  180 181 184 187 doublescan +hsync -vsync (22.2 kHz d)
[ 18246.487] (II) modeset(0): EDID for output VGA-1
[ 18246.591] (II) modeset(0): EDID for output HDMI-1
[ 18246.694] (II) modeset(0): EDID for output DP-1
[ 18246.695] (II) modeset(0): EDID for output HDMI-2
[ 18246.695] (II) modeset(0): EDID for output DP-2
[ 18246.798] (II) modeset(0): EDID for output DP-3
[ 18246.798] (II) modeset(0): Output LVDS-1 connected
[ 18246.798] (II) modeset(0): Output VGA-1 disconnected
[ 18246.798] (II) modeset(0): Output HDMI-1 disconnected
[ 18246.798] (II) modeset(0): Output DP-1 disconnected
[ 18246.798] (II) modeset(0): Output HDMI-2 disconnected
[ 18246.798] (II) modeset(0): Output DP-2 disconnected
[ 18246.798] (II) modeset(0): Output DP-3 disconnected
[ 18246.798] (II) modeset(0): Using exact sizes for initial modes
[ 18246.798] (II) modeset(0): Output LVDS-1 using initial mode 1280x800 +0+0
[ 18246.798] (==) modeset(0): Using gamma correction (1.0, 1.0, 1.0)
[ 18246.798] (==) modeset(0): DPI set to (96, 96)
[ 18246.798] (II) Loading sub module "fb"
[ 18246.798] (II) LoadModule: "fb"
[ 18246.798] (II) Module "fb" already built-in
[ 18246.823] (==) modeset(0): Backing store enabled
[ 18246.823] (==) modeset(0): Silken mouse enabled
[ 18246.848] (II) modeset(0): Initializing kms color map for depth 24, 8 bpc.
[ 18246.848] (==) modeset(0): DPMS enabled
[ 18246.849] (II) modeset(0): [DRI2] Setup complete
[ 18246.849] (II) modeset(0): [DRI2]   DRI driver: crocus
[ 18246.849] (II) modeset(0): [DRI2]   VDPAU driver: va_gl
[ 18246.849] (II) Initializing extension Generic Event Extension
[ 18246.849] (II) Initializing extension SHAPE
[ 18246.849] (II) Initializing extension MIT-SHM
[ 18246.849] (II) Initializing extension XInputExtension
[ 18246.849] (II) Initializing extension XTEST
[ 18246.849] (II) Initializing extension BIG-REQUESTS
[ 18246.850] (II) Initializing extension SYNC
[ 18246.850] (II) Initializing extension XKEYBOARD
[ 18246.850] (II) Initializing extension XC-MISC
[ 18246.850] (II) Initializing extension SECURITY
[ 18246.850] (II) Initializing extension XFIXES
[ 18246.851] (II) Initializing extension RENDER
[ 18246.851] (II) Initializing extension RANDR
[ 18246.851] (II) Initializing extension COMPOSITE
[ 18246.851] (II) Initializing extension DAMAGE
[ 18246.851] (II) Initializing extension MIT-SCREEN-SAVER
[ 18246.852] (II) Initializing extension DOUBLE-BUFFER
[ 18246.852] (II) Initializing extension RECORD
[ 18246.852] (II) Initializing extension DPMS
[ 18246.852] (II) Initializing extension Present
[ 18246.852] (II) Initializing extension DRI3
[ 18246.852] (II) Initializing extension X-Resource
[ 18246.853] (II) Initializing extension XVideo
[ 18246.853] (II) Initializing extension XVideo-MotionCompensation
[ 18246.853] (II) Initializing extension GLX
[ 18246.862] (II) AIGLX: Loaded and initialized crocus
[ 18246.862] (II) GLX: Initialized DRI2 GL provider for screen 0
[ 18246.862] (II) Initializing extension XFree86-VidModeExtension
[ 18246.862] (II) Initializing extension XFree86-DGA
[ 18246.862] (II) Initializing extension XFree86-DRI
[ 18246.862] (II) Initializing extension DRI2
[ 18246.863] (II) modeset(0): Damage tracking initialized
[ 18246.863] (II) modeset(0): Setting screen physical size to 338 x 211
[ 18246.942] (II) config/udev: Adding input device Power Button (/dev/input/event2)
[ 18246.942] (**) Power Button: Applying InputClass "libinput keyboard catchall"
[ 18246.942] (**) Power Button: Applying InputClass "system-keyboard"
[ 18246.942] (II) LoadModule: "libinput"
[ 18246.942] (II) Loading /usr/lib/xorg/modules/input/libinput_drv.so
[ 18246.946] (II) Module libinput: vendor="X.Org Foundation"
[ 18246.946] 	compiled for 1.21.1.8, module version = 1.4.0
[ 18246.946] 	Module class: X.Org XInput Driver
[ 18246.946] 	ABI class: X.Org XInput driver, version 24.4
[ 18246.946] (II) Using input driver 'libinput' for 'Power Button'
[ 18246.947] (II) systemd-logind: got fd for /dev/input/event2 13:66 fd 27 paused 0
[ 18246.947] (**) Power Button: always reports core events
[ 18246.947] (**) Option "Device" "/dev/input/event2"
[ 18246.951] (II) event2  - Power Button: is tagged by udev as: Keyboard
[ 18246.951] (II) event2  - Power Button: device is a keyboard
[ 18246.951] (II) event2  - Power Button: device removed
[ 18246.951] (**) Option "config_info" "udev:/sys/devices/LNXSYSTM:00/LNXPWRBN:00/input/input2/event2"
[ 18246.951] (II) XINPUT: Adding extended input device "Power Button" (type: KEYBOARD, id 6)
[ 18246.951] (**) Option "xkb_model" "pc105"
[ 18246.951] (**) Option "xkb_layout" "fr"
[ 18246.951] (**) Option "xkb_options" "terminate:ctrl_alt_bksp"
[ 18246.983] (II) event2  - Power Button: is tagged by udev as: Keyboard
[ 18246.983] (II) event2  - Power Button: device is a keyboard
[ 18246.984] (II) config/udev: Adding input device Video Bus (/dev/input/event8)
[ 18246.984] (**) Video Bus: Applying InputClass "libinput keyboard catchall"
[ 18246.984] (**) Video Bus: Applying InputClass "system-keyboard"
[ 18246.984] (II) Using input driver 'libinput' for 'Video Bus'
[ 18246.985] (II) systemd-logind: got fd for /dev/input/event8 13:72 fd 30 paused 0
[ 18246.985] (**) Video Bus: always reports core events
[ 18246.985] (**) Option "Device" "/dev/input/event8"
[ 18246.986] (II) event8  - Video Bus: is tagged by udev as: Keyboard
[ 18246.987] (II) event8  - Video Bus: device is a keyboard
[ 18246.987] (II) event8  - Video Bus: device removed
[ 18246.987] (**) Option "config_info" "udev:/sys/devices/LNXSYSTM:00/LNXSYBUS:00/PNP0A08:00/LNXVIDEO:00/input/input9/event8"
[ 18246.987] (II) XINPUT: Adding extended input device "Video Bus" (type: KEYBOARD, id 7)
[ 18246.987] (**) Option "xkb_model" "pc105"
[ 18246.987] (**) Option "xkb_layout" "fr"
[ 18246.987] (**) Option "xkb_options" "terminate:ctrl_alt_bksp"
[ 18246.988] (II) event8  - Video Bus: is tagged by udev as: Keyboard
[ 18246.988] (II) event8  - Video Bus: device is a keyboard
[ 18246.989] (II) config/udev: Adding input device Lid Switch (/dev/input/event0)
[ 18246.989] (II) No input driver specified, ignoring this device.
[ 18246.989] (II) This device may have been added with another device file.
[ 18246.990] (II) config/udev: Adding input device Sleep Button (/dev/input/event1)
[ 18246.990] (**) Sleep Button: Applying InputClass "libinput keyboard catchall"
[ 18246.990] (**) Sleep Button: Applying InputClass "system-keyboard"
[ 18246.990] (II) Using input driver 'libinput' for 'Sleep Button'
[ 18246.991] (II) systemd-logind: got fd for /dev/input/event1 13:65 fd 31 paused 0
[ 18246.991] (**) Sleep Button: always reports core events
[ 18246.991] (**) Option "Device" "/dev/input/event1"
[ 18246.992] (II) event1  - Sleep Button: is tagged by udev as: Keyboard
[ 18246.992] (II) event1  - Sleep Button: device is a keyboard
[ 18246.992] (II) event1  - Sleep Button: device removed
[ 18246.992] (**) Option "config_info" "udev:/sys/devices/LNXSYSTM:00/LNXSYBUS:00/PNP0C0E:00/input/input1/event1"
[ 18246.992] (II) XINPUT: Adding extended input device "Sleep Button" (type: KEYBOARD, id 8)
[ 18246.992] (**) Option "xkb_model" "pc105"
[ 18246.992] (**) Option "xkb_layout" "fr"
[ 18246.992] (**) Option "xkb_options" "terminate:ctrl_alt_bksp"
[ 18246.994] (II) event1  - Sleep Button: is tagged by udev as: Keyboard
[ 18246.994] (II) event1  - Sleep Button: device is a keyboard
[ 18246.996] (II) config/udev: Adding input device Logitech USB Optical Mouse (/dev/input/event3)
[ 18246.996] (**) Logitech USB Optical Mouse: Applying InputClass "libinput pointer catchall"
[ 18246.996] (II) Using input driver 'libinput' for 'Logitech USB Optical Mouse'
[ 18246.997] (II) systemd-logind: got fd for /dev/input/event3 13:67 fd 32 paused 0
[ 18246.997] (**) Logitech USB Optical Mouse: always reports core events
[ 18246.997] (**) Option "Device" "/dev/input/event3"
[ 18246.999] (II) event3  - Logitech USB Optical Mouse: is tagged by udev as: Mouse
[ 18246.999] (II) event3  - Logitech USB Optical Mouse: device is a pointer
[ 18246.999] (II) event3  - Logitech USB Optical Mouse: device removed
[ 18246.999] (II) libinput: Logitech USB Optical Mouse: Step value 0 was provided, libinput Fallback acceleration function is used.
[ 18246.999] (II) libinput: Logitech USB Optical Mouse: Step value 0 was provided, libinput Fallback acceleration function is used.
[ 18246.999] (II) libinput: Logitech USB Optical Mouse: Step value 0 was provided, libinput Fallback acceleration function is used.
[ 18246.999] (**) Option "config_info" "udev:/sys/devices/pci0000:00/0000:00:1a.0/usb1/1-1/1-1:1.0/0003:046D:C077.0001/input/input3/event3"
[ 18246.999] (II) XINPUT: Adding extended input device "Logitech USB Optical Mouse" (type: MOUSE, id 9)
[ 18247.000] (**) Option "AccelerationScheme" "none"
[ 18247.000] (**) Logitech USB Optical Mouse: (accel) selected scheme none/0
[ 18247.000] (**) Logitech USB Optical Mouse: (accel) acceleration factor: 2.000
[ 18247.000] (**) Logitech USB Optical Mouse: (accel) acceleration threshold: 4
[ 18247.002] (II) event3  - Logitech USB Optical Mouse: is tagged by udev as: Mouse
[ 18247.002] (II) event3  - Logitech USB Optical Mouse: device is a pointer
[ 18247.004] (II) config/udev: Adding input device Logitech USB Optical Mouse (/dev/input/mouse0)
[ 18247.004] (II) No input driver specified, ignoring this device.
[ 18247.004] (II) This device may have been added with another device file.
[ 18247.004] (II) config/udev: Adding input device HDA Intel Mic (/dev/input/event9)
[ 18247.004] (II) No input driver specified, ignoring this device.
[ 18247.004] (II) This device may have been added with another device file.
[ 18247.005] (II) config/udev: Adding input device HDA Intel Dock Mic (/dev/input/event10)
[ 18247.005] (II) No input driver specified, ignoring this device.
[ 18247.005] (II) This device may have been added with another device file.
[ 18247.005] (II) config/udev: Adding input device HDA Intel Dock Headphone (/dev/input/event11)
[ 18247.005] (II) No input driver specified, ignoring this device.
[ 18247.005] (II) This device may have been added with another device file.
[ 18247.006] (II) config/udev: Adding input device HDA Intel Headphone (/dev/input/event12)
[ 18247.006] (II) No input driver specified, ignoring this device.
[ 18247.006] (II) This device may have been added with another device file.
[ 18247.007] (II) config/udev: Adding input device AT Translated Set 2 keyboard (/dev/input/event4)
[ 18247.008] (**) AT Translated Set 2 keyboard: Applying InputClass "libinput keyboard catchall"
[ 18247.008] (**) AT Translated Set 2 keyboard: Applying InputClass "system-keyboard"
[ 18247.008] (II) Using input driver 'libinput' for 'AT Translated Set 2 keyboard'
[ 18247.008] (II) systemd-logind: got fd for /dev/input/event4 13:68 fd 33 paused 0
[ 18247.008] (**) AT Translated Set 2 keyboard: always reports core events
[ 18247.008] (**) Option "Device" "/dev/input/event4"
[ 18247.010] (II) event4  - AT Translated Set 2 keyboard: is tagged by udev as: Keyboard
[ 18247.010] (II) event4  - AT Translated Set 2 keyboard: device is a keyboard
[ 18247.011] (II) event4  - AT Translated Set 2 keyboard: device removed
[ 18247.011] (**) Option "config_info" "udev:/sys/devices/platform/i8042/serio0/input/input4/event4"
[ 18247.011] (II) XINPUT: Adding extended input device "AT Translated Set 2 keyboard" (type: KEYBOARD, id 10)
[ 18247.011] (**) Option "xkb_model" "pc105"
[ 18247.011] (**) Option "xkb_layout" "fr"
[ 18247.011] (**) Option "xkb_options" "terminate:ctrl_alt_bksp"
[ 18247.012] (II) event4  - AT Translated Set 2 keyboard: is tagged by udev as: Keyboard
[ 18247.012] (II) event4  - AT Translated Set 2 keyboard: device is a keyboard
[ 18247.014] (II) config/udev: Adding input device TPPS/2 IBM TrackPoint (/dev/input/event7)
[ 18247.014] (**) TPPS/2 IBM TrackPoint: Applying InputClass "libinput pointer catchall"
[ 18247.014] (II) Using input driver 'libinput' for 'TPPS/2 IBM TrackPoint'
[ 18247.014] (II) systemd-logind: got fd for /dev/input/event7 13:71 fd 34 paused 0
[ 18247.014] (**) TPPS/2 IBM TrackPoint: always reports core events
[ 18247.015] (**) Option "Device" "/dev/input/event7"
[ 18247.016] (II) event7  - TPPS/2 IBM TrackPoint: is tagged by udev as: Mouse Pointingstick
[ 18247.016] (II) event7  - TPPS/2 IBM TrackPoint: trackpoint multiplier is 1.25
[ 18247.016] (II) event7  - TPPS/2 IBM TrackPoint: device is a pointer
[ 18247.017] (II) event7  - TPPS/2 IBM TrackPoint: device removed
[ 18247.017] (II) libinput: TPPS/2 IBM TrackPoint: Step value 0 was provided, libinput Fallback acceleration function is used.
[ 18247.017] (II) libinput: TPPS/2 IBM TrackPoint: Step value 0 was provided, libinput Fallback acceleration function is used.
[ 18247.017] (II) libinput: TPPS/2 IBM TrackPoint: Step value 0 was provided, libinput Fallback acceleration function is used.
[ 18247.017] (**) Option "config_info" "udev:/sys/devices/platform/i8042/serio1/input/input6/event7"
[ 18247.017] (II) XINPUT: Adding extended input device "TPPS/2 IBM TrackPoint" (type: MOUSE, id 11)
[ 18247.017] (**) Option "AccelerationScheme" "none"
[ 18247.017] (**) TPPS/2 IBM TrackPoint: (accel) selected scheme none/0
[ 18247.017] (**) TPPS/2 IBM TrackPoint: (accel) acceleration factor: 2.000
[ 18247.017] (**) TPPS/2 IBM TrackPoint: (accel) acceleration threshold: 4
[ 18247.019] (II) event7  - TPPS/2 IBM TrackPoint: is tagged by udev as: Mouse Pointingstick
[ 18247.019] (II) event7  - TPPS/2 IBM TrackPoint: trackpoint multiplier is 1.25
[ 18247.019] (II) event7  - TPPS/2 IBM TrackPoint: device is a pointer
[ 18247.021] (II) config/udev: Adding input device TPPS/2 IBM TrackPoint (/dev/input/mouse1)
[ 18247.021] (II) No input driver specified, ignoring this device.
[ 18247.021] (II) This device may have been added with another device file.
[ 18247.021] (II) config/udev: Adding input device PC Speaker (/dev/input/event5)
[ 18247.021] (II) No input driver specified, ignoring this device.
[ 18247.021] (II) This device may have been added with another device file.
[ 18247.026] (II) config/udev: Adding input device ThinkPad Extra Buttons (/dev/input/event6)
[ 18247.026] (**) ThinkPad Extra Buttons: Applying InputClass "libinput keyboard catchall"
[ 18247.026] (**) ThinkPad Extra Buttons: Applying InputClass "system-keyboard"
[ 18247.026] (II) Using input driver 'libinput' for 'ThinkPad Extra Buttons'
[ 18247.027] (II) systemd-logind: got fd for /dev/input/event6 13:70 fd 35 paused 0
[ 18247.027] (**) ThinkPad Extra Buttons: always reports core events
[ 18247.027] (**) Option "Device" "/dev/input/event6"
[ 18247.028] (II) event6  - ThinkPad Extra Buttons: is tagged by udev as: Keyboard Switch
[ 18247.028] (II) event6  - ThinkPad Extra Buttons: device is a keyboard
[ 18247.028] (II) event6  - ThinkPad Extra Buttons: device removed
[ 18247.028] (**) Option "config_info" "udev:/sys/devices/platform/thinkpad_acpi/input/input8/event6"
[ 18247.029] (II) XINPUT: Adding extended input device "ThinkPad Extra Buttons" (type: KEYBOARD, id 12)
[ 18247.029] (**) Option "xkb_model" "pc105"
[ 18247.029] (**) Option "xkb_layout" "fr"
[ 18247.029] (**) Option "xkb_options" "terminate:ctrl_alt_bksp"
[ 18247.030] (II) event6  - ThinkPad Extra Buttons: is tagged by udev as: Keyboard Switch
[ 18247.030] (II) event6  - ThinkPad Extra Buttons: device is a keyboard
[ 20059.969] (**) Option "fd" "27"
[ 20059.969] (II) event2  - Power Button: device removed
[ 20059.970] (**) Option "fd" "30"
[ 20059.970] (II) event8  - Video Bus: device removed
[ 20059.970] (**) Option "fd" "31"
[ 20059.970] (II) event1  - Sleep Button: device removed
[ 20059.970] (**) Option "fd" "32"
[ 20059.970] (II) event3  - Logitech USB Optical Mouse: device removed
[ 20059.970] (**) Option "fd" "33"
[ 20059.970] (II) event4  - AT Translated Set 2 keyboard: device removed
[ 20059.970] (**) Option "fd" "34"
[ 20059.970] (II) event7  - TPPS/2 IBM TrackPoint: device removed
[ 20059.970] (**) Option "fd" "35"
[ 20059.970] (II) event6  - ThinkPad Extra Buttons: device removed
[ 20060.003] (II) UnloadModule: "libinput"
[ 20060.003] (II) systemd-logind: releasing fd for 13:70
[ 20060.082] (II) UnloadModule: "libinput"
[ 20060.082] (II) systemd-logind: releasing fd for 13:71
[ 20060.085] (II) UnloadModule: "libinput"
[ 20060.085] (II) systemd-logind: releasing fd for 13:68
[ 20060.086] (II) UnloadModule: "libinput"
[ 20060.086] (II) systemd-logind: releasing fd for 13:67
[ 20060.087] (II) UnloadModule: "libinput"
[ 20060.087] (II) systemd-logind: releasing fd for 13:65
[ 20060.087] (II) UnloadModule: "libinput"
[ 20060.087] (II) systemd-logind: releasing fd for 13:72
[ 20060.105] (II) UnloadModule: "libinput"
[ 20060.105] (II) systemd-logind: releasing fd for 13:66
[ 20060.132] (WW) xf86CloseConsole: KDSETMODE failed: Input/output error
[ 20060.133] (WW) xf86CloseConsole: VT_GETMODE failed: Input/output error
[ 20060.133] (WW) xf86OpenConsole: VT_GETSTATE failed: Input/output error
[ 20060.185] (II) Server terminated successfully (0). Closing log file.
