[  1046.085] 
X.Org X Server 1.21.1.13
X Protocol Version 11, Revision 0
[  1046.086] Current Operating System: Linux verusarch 6.8.9-arch1-1 #1 SMP PREEMPT_DYNAMIC Thu, 02 May 2024 17:49:46 +0000 x86_64
[  1046.086] Kernel command line: BOOT_IMAGE=/vmlinuz-linux root=UUID=09fc7c39-c865-4cef-b3bb-a889931587eb rw zswap.enabled=0 rootfstype=ext4 loglevel=3 quiet
[  1046.086]  
[  1046.086] Current version of pixman: 0.43.4
[  1046.086] 	Before reporting problems, check http://wiki.x.org
	to make sure that you have the latest version.
[  1046.086] Markers: (--) probed, (**) from config file, (==) default setting,
	(++) from command line, (!!) notice, (II) informational,
	(WW) warning, (EE) error, (NI) not implemented, (??) unknown.
[  1046.086] (==) Log file: "/home/verusvir/.local/share/xorg/Xorg.1.log", Time: Fri May  3 20:17:17 2024
[  1046.086] (==) Using config directory: "/etc/X11/xorg.conf.d"
[  1046.086] (==) Using system config directory "/usr/share/X11/xorg.conf.d"
[  1046.086] (==) No Layout section.  Using the first Screen section.
[  1046.086] (==) No screen section available. Using defaults.
[  1046.086] (**) |-->Screen "Default Screen Section" (0)
[  1046.086] (**) |   |-->Monitor "<default monitor>"
[  1046.087] (==) No monitor specified for screen "Default Screen Section".
	Using a default monitor configuration.
[  1046.087] (**) Allowing byte-swapped clients
[  1046.087] (==) Automatically adding devices
[  1046.087] (==) Automatically enabling devices
[  1046.087] (==) Automatically adding GPU devices
[  1046.087] (==) Automatically binding GPU devices
[  1046.087] (==) Max clients allowed: 256, resource mask: 0x1fffff
[  1046.087] (WW) The directory "/usr/share/fonts/misc" does not exist.
[  1046.087] 	Entry deleted from font path.
[  1046.087] (WW) The directory "/usr/share/fonts/TTF" does not exist.
[  1046.087] 	Entry deleted from font path.
[  1046.087] (WW) The directory "/usr/share/fonts/OTF" does not exist.
[  1046.087] 	Entry deleted from font path.
[  1046.087] (WW) The directory "/usr/share/fonts/Type1" does not exist.
[  1046.087] 	Entry deleted from font path.
[  1046.087] (WW) The directory "/usr/share/fonts/100dpi" does not exist.
[  1046.087] 	Entry deleted from font path.
[  1046.087] (WW) The directory "/usr/share/fonts/75dpi" does not exist.
[  1046.087] 	Entry deleted from font path.
[  1046.087] (==) FontPath set to:
	
[  1046.087] (==) ModulePath set to "/usr/lib/xorg/modules"
[  1046.087] (II) The server relies on udev to provide the list of input devices.
	If no devices become available, reconfigure udev or disable AutoAddDevices.
[  1046.087] (II) Module ABI versions:
[  1046.087] 	X.Org ANSI C Emulation: 0.4
[  1046.087] 	X.Org Video Driver: 25.2
[  1046.087] 	X.Org XInput driver : 24.4
[  1046.087] 	X.Org Server Extension : 10.0
[  1046.087] (++) using VT number 3

[  1046.088] (II) systemd-logind: took control of session /org/freedesktop/login1/session/_33
[  1046.090] (II) xfree86: Adding drm device (/dev/dri/card1)
[  1046.090] (II) Platform probe for /sys/devices/pci0000:00/0000:00:02.0/drm/card1
[  1046.091] (II) systemd-logind: got fd for /dev/dri/card1 226:1 fd 13 paused 0
[  1046.096] (--) PCI:*(0@0:2:0) 8086:2a42:17aa:20e4 rev 7, Mem @ 0xf2000000/4194304, 0xd0000000/268435456, I/O @ 0x00001800/8, BIOS @ 0x????????/131072
[  1046.096] (--) PCI: (0@0:2:1) 8086:2a43:17aa:20e4 rev 7, Mem @ 0xf2400000/1048576
[  1046.096] (WW) Open ACPI failed (/var/run/acpid.socket) (No such file or directory)
[  1046.096] (II) LoadModule: "glx"
[  1046.096] (II) Loading /usr/lib/xorg/modules/extensions/libglx.so
[  1046.098] (II) Module glx: vendor="X.Org Foundation"
[  1046.098] 	compiled for 1.21.1.13, module version = 1.0.0
[  1046.098] 	ABI class: X.Org Server Extension, version 10.0
[  1046.098] (==) Matched intel as autoconfigured driver 0
[  1046.098] (==) Matched modesetting as autoconfigured driver 1
[  1046.098] (==) Matched fbdev as autoconfigured driver 2
[  1046.098] (==) Matched vesa as autoconfigured driver 3
[  1046.098] (==) Assigned the driver to the xf86ConfigLayout
[  1046.098] (II) LoadModule: "intel"
[  1046.098] (WW) Warning, couldn't open module intel
[  1046.098] (EE) Failed to load module "intel" (module does not exist, 0)
[  1046.098] (II) LoadModule: "modesetting"
[  1046.098] (II) Loading /usr/lib/xorg/modules/drivers/modesetting_drv.so
[  1046.099] (II) Module modesetting: vendor="X.Org Foundation"
[  1046.099] 	compiled for 1.21.1.13, module version = 1.21.1
[  1046.099] 	Module class: X.Org Video Driver
[  1046.099] 	ABI class: X.Org Video Driver, version 25.2
[  1046.099] (II) LoadModule: "fbdev"
[  1046.099] (WW) Warning, couldn't open module fbdev
[  1046.099] (EE) Failed to load module "fbdev" (module does not exist, 0)
[  1046.099] (II) LoadModule: "vesa"
[  1046.100] (WW) Warning, couldn't open module vesa
[  1046.100] (EE) Failed to load module "vesa" (module does not exist, 0)
[  1046.100] (II) modesetting: Driver for Modesetting Kernel Drivers: kms
[  1046.100] (II) modeset(0): using drv /dev/dri/card1
[  1046.100] (WW) VGA arbiter: cannot open kernel arbiter, no multi-card support
[  1046.100] (II) modeset(0): Creating default Display subsection in Screen section
	"Default Screen Section" for depth/fbbpp 24/32
[  1046.100] (==) modeset(0): Depth 24, (==) framebuffer bpp 32
[  1046.100] (==) modeset(0): RGB weight 888
[  1046.100] (==) modeset(0): Default visual is TrueColor
[  1046.100] (II) Loading sub module "glamoregl"
[  1046.100] (II) LoadModule: "glamoregl"
[  1046.100] (II) Loading /usr/lib/xorg/modules/libglamoregl.so
[  1046.105] (II) Module glamoregl: vendor="X.Org Foundation"
[  1046.105] 	compiled for 1.21.1.13, module version = 1.0.1
[  1046.105] 	ABI class: X.Org ANSI C Emulation, version 0.4
[  1046.149] (II) modeset(0): glamor X acceleration enabled on Mesa Mobile Intel® GM45 Express Chipset (CTG)
[  1046.149] (II) modeset(0): glamor initialized
[  1046.149] (==) modeset(0): VariableRefresh: disabled
[  1046.149] (==) modeset(0): AsyncFlipSecondaries: disabled
[  1046.149] (II) modeset(0): Output LVDS-1 has no monitor section
[  1046.159] (II) modeset(0): Output VGA-1 has no monitor section
[  1046.263] (II) modeset(0): Output HDMI-1 has no monitor section
[  1046.365] (II) modeset(0): Output DP-1 has no monitor section
[  1046.366] (II) modeset(0): Output HDMI-2 has no monitor section
[  1046.366] (II) modeset(0): Output DP-2 has no monitor section
[  1046.467] (II) modeset(0): Output DP-3 has no monitor section
[  1046.468] (II) modeset(0): EDID for output LVDS-1
[  1046.468] (II) modeset(0): Manufacturer: LEN  Model: 4010  Serial#: 0
[  1046.468] (II) modeset(0): Year: 2007  Week: 1
[  1046.468] (II) modeset(0): EDID Version: 1.3
[  1046.468] (II) modeset(0): Digital Display Input
[  1046.468] (II) modeset(0): Max Image Size [cm]: horiz.: 26  vert.: 16
[  1046.468] (II) modeset(0): Gamma: 2.20
[  1046.468] (II) modeset(0): DPMS capabilities: StandBy Suspend Off
[  1046.468] (II) modeset(0): Supported color encodings: RGB 4:4:4 YCrCb 4:4:4 
[  1046.468] (II) modeset(0): First detailed timing is preferred mode
[  1046.468] (II) modeset(0): redX: 0.580 redY: 0.340   greenX: 0.310 greenY: 0.550
[  1046.468] (II) modeset(0): blueX: 0.155 blueY: 0.155   whiteX: 0.313 whiteY: 0.329
[  1046.468] (II) modeset(0): Manufacturer's mask: 0
[  1046.468] (II) modeset(0): Supported detailed timing:
[  1046.468] (II) modeset(0): clock: 71.1 MHz   Image Size:  261 x 163 mm
[  1046.468] (II) modeset(0): h_active: 1280  h_sync: 1328  h_sync_end 1360 h_blank_end 1440 h_border: 0
[  1046.468] (II) modeset(0): v_active: 800  v_sync: 803  v_sync_end 809 v_blanking: 823 v_border: 0
[  1046.468] (II) modeset(0): Supported detailed timing:
[  1046.468] (II) modeset(0): clock: 59.3 MHz   Image Size:  261 x 163 mm
[  1046.468] (II) modeset(0): h_active: 1280  h_sync: 1328  h_sync_end 1360 h_blank_end 1440 h_border: 0
[  1046.468] (II) modeset(0): v_active: 800  v_sync: 803  v_sync_end 809 v_blanking: 823 v_border: 0
[  1046.468] (II) modeset(0): Unknown vendor-specific block f
[  1046.468] (II) modeset(0):  B121EW03 V6
[  1046.468] (II) modeset(0): EDID (in hex):
[  1046.468] (II) modeset(0): 	00ffffffffffff0030ae104000000000
[  1046.468] (II) modeset(0): 	01110103801a1078ea87f594574f8c27
[  1046.468] (II) modeset(0): 	27505400000001010101010101010101
[  1046.468] (II) modeset(0): 	010101010101c61b00a0502017303020
[  1046.468] (II) modeset(0): 	360005a310000018261700a050201730
[  1046.468] (II) modeset(0): 	3020360005a3100000180000000f0081
[  1046.468] (II) modeset(0): 	0a3c810a3214010006af1436000000fe
[  1046.468] (II) modeset(0): 	004231323145573033205636200a00aa
[  1046.468] (II) modeset(0): Printing probed modes for output LVDS-1
[  1046.468] (II) modeset(0): Modeline "1280x800"x60.0   71.10  1280 1328 1360 1440  800 803 809 823 -hsync -vsync (49.4 kHz eP)
[  1046.468] (II) modeset(0): Modeline "1280x800"x120.0  174.25  1280 1380 1516 1752  800 801 804 829 doublescan -hsync +vsync (99.5 kHz d)
[  1046.468] (II) modeset(0): Modeline "1280x800"x119.9  134.25  1280 1304 1320 1360  800 801 804 823 doublescan +hsync -vsync (98.7 kHz d)
[  1046.468] (II) modeset(0): Modeline "1280x800"x59.8   83.50  1280 1352 1480 1680  800 803 809 831 -hsync +vsync (49.7 kHz d)
[  1046.468] (II) modeset(0): Modeline "1280x800"x59.9   71.00  1280 1328 1360 1440  800 803 809 823 +hsync -vsync (49.3 kHz d)
[  1046.468] (II) modeset(0): Modeline "1280x800"x50.0   59.26  1280 1328 1360 1440  800 803 809 823 -hsync -vsync (41.2 kHz e)
[  1046.468] (II) modeset(0): Modeline "1280x720"x120.0  156.12  1280 1376 1512 1744  720 721 724 746 doublescan -hsync +vsync (89.5 kHz d)
[  1046.468] (II) modeset(0): Modeline "1280x720"x120.0  120.75  1280 1304 1320 1360  720 721 724 740 doublescan +hsync -vsync (88.8 kHz d)
[  1046.468] (II) modeset(0): Modeline "1280x720"x59.9   74.50  1280 1344 1472 1664  720 723 728 748 -hsync +vsync (44.8 kHz d)
[  1046.468] (II) modeset(0): Modeline "1280x720"x59.7   63.75  1280 1328 1360 1440  720 723 728 741 +hsync -vsync (44.3 kHz d)
[  1046.468] (II) modeset(0): Modeline "1024x768"x120.1  133.47  1024 1100 1212 1400  768 768 770 794 doublescan -hsync +vsync (95.3 kHz d)
[  1046.468] (II) modeset(0): Modeline "1024x768"x60.0   65.00  1024 1048 1184 1344  768 771 777 806 -hsync -vsync (48.4 kHz d)
[  1046.468] (II) modeset(0): Modeline "960x720"x120.0  117.00  960 1024 1128 1300  720 720 722 750 doublescan -hsync +vsync (90.0 kHz d)
[  1046.468] (II) modeset(0): Modeline "928x696"x120.1  109.15  928 976 1088 1264  696 696 698 719 doublescan -hsync +vsync (86.4 kHz d)
[  1046.468] (II) modeset(0): Modeline "896x672"x120.0  102.40  896 960 1060 1224  672 672 674 697 doublescan -hsync +vsync (83.7 kHz d)
[  1046.468] (II) modeset(0): Modeline "1024x576"x119.9   98.50  1024 1092 1200 1376  576 577 580 597 doublescan -hsync +vsync (71.6 kHz d)
[  1046.468] (II) modeset(0): Modeline "1024x576"x119.9   78.38  1024 1048 1064 1104  576 577 580 592 doublescan +hsync -vsync (71.0 kHz d)
[  1046.468] (II) modeset(0): Modeline "1024x576"x59.9   46.50  1024 1064 1160 1296  576 579 584 599 -hsync +vsync (35.9 kHz d)
[  1046.468] (II) modeset(0): Modeline "1024x576"x59.8   42.00  1024 1072 1104 1184  576 579 584 593 +hsync -vsync (35.5 kHz d)
[  1046.468] (II) modeset(0): Modeline "960x600"x119.9   96.62  960 1028 1128 1296  600 601 604 622 doublescan -hsync +vsync (74.6 kHz d)
[  1046.468] (II) modeset(0): Modeline "960x600"x120.0   77.00  960 984 1000 1040  600 601 604 617 doublescan +hsync -vsync (74.0 kHz d)
[  1046.468] (II) modeset(0): Modeline "960x540"x119.9   86.50  960 1024 1124 1288  540 541 544 560 doublescan -hsync +vsync (67.2 kHz d)
[  1046.468] (II) modeset(0): Modeline "960x540"x120.0   69.25  960 984 1000 1040  540 541 544 555 doublescan +hsync -vsync (66.6 kHz d)
[  1046.468] (II) modeset(0): Modeline "960x540"x59.6   40.75  960 992 1088 1216  540 543 548 562 -hsync +vsync (33.5 kHz d)
[  1046.468] (II) modeset(0): Modeline "960x540"x59.8   37.25  960 1008 1040 1120  540 543 548 556 +hsync -vsync (33.3 kHz d)
[  1046.468] (II) modeset(0): Modeline "800x600"x120.0   81.00  800 832 928 1080  600 600 602 625 doublescan +hsync +vsync (75.0 kHz d)
[  1046.468] (II) modeset(0): Modeline "800x600"x60.3   40.00  800 840 968 1056  600 601 605 628 +hsync +vsync (37.9 kHz d)
[  1046.468] (II) modeset(0): Modeline "800x600"x56.2   36.00  800 824 896 1024  600 601 603 625 +hsync +vsync (35.2 kHz d)
[  1046.468] (II) modeset(0): Modeline "840x525"x120.0   73.12  840 892 980 1120  525 526 529 544 doublescan -hsync +vsync (65.3 kHz d)
[  1046.468] (II) modeset(0): Modeline "840x525"x119.8   59.50  840 864 880 920  525 526 529 540 doublescan +hsync -vsync (64.7 kHz d)
[  1046.468] (II) modeset(0): Modeline "864x486"x59.9   32.50  864 888 968 1072  486 489 494 506 -hsync +vsync (30.3 kHz d)
[  1046.468] (II) modeset(0): Modeline "864x486"x59.6   30.50  864 912 944 1024  486 489 494 500 +hsync -vsync (29.8 kHz d)
[  1046.468] (II) modeset(0): Modeline "700x525"x120.0   61.00  700 744 820 940  525 526 532 541 doublescan +hsync +vsync (64.9 kHz d)
[  1046.468] (II) modeset(0): Modeline "800x450"x119.9   59.12  800 848 928 1056  450 451 454 467 doublescan -hsync +vsync (56.0 kHz d)
[  1046.468] (II) modeset(0): Modeline "800x450"x119.6   48.75  800 824 840 880  450 451 454 463 doublescan +hsync -vsync (55.4 kHz d)
[  1046.468] (II) modeset(0): Modeline "640x512"x120.0   54.00  640 664 720 844  512 512 514 533 doublescan +hsync +vsync (64.0 kHz d)
[  1046.468] (II) modeset(0): Modeline "700x450"x119.9   51.75  700 740 812 924  450 451 456 467 doublescan -hsync +vsync (56.0 kHz d)
[  1046.468] (II) modeset(0): Modeline "700x450"x119.8   43.25  700 724 740 780  450 451 456 463 doublescan +hsync -vsync (55.4 kHz d)
[  1046.468] (II) modeset(0): Modeline "640x480"x120.0   54.00  640 688 744 900  480 480 482 500 doublescan +hsync +vsync (60.0 kHz d)
[  1046.468] (II) modeset(0): Modeline "640x480"x59.9   25.18  640 656 752 800  480 490 492 525 -hsync -vsync (31.5 kHz d)
[  1046.468] (II) modeset(0): Modeline "720x405"x59.5   22.50  720 744 808 896  405 408 413 422 -hsync +vsync (25.1 kHz d)
[  1046.468] (II) modeset(0): Modeline "720x405"x59.0   21.75  720 768 800 880  405 408 413 419 +hsync -vsync (24.7 kHz d)
[  1046.468] (II) modeset(0): Modeline "684x384"x119.8   42.62  684 720 788 892  384 385 390 399 doublescan -hsync +vsync (47.8 kHz d)
[  1046.468] (II) modeset(0): Modeline "684x384"x119.7   36.12  684 708 724 764  384 385 390 395 doublescan +hsync -vsync (47.3 kHz d)
[  1046.468] (II) modeset(0): Modeline "640x400"x119.8   41.75  640 676 740 840  400 401 404 415 doublescan -hsync +vsync (49.7 kHz d)
[  1046.468] (II) modeset(0): Modeline "640x400"x120.0   35.50  640 664 680 720  400 401 404 411 doublescan +hsync -vsync (49.3 kHz d)
[  1046.468] (II) modeset(0): Modeline "640x360"x119.7   37.25  640 672 736 832  360 361 364 374 doublescan -hsync +vsync (44.8 kHz d)
[  1046.468] (II) modeset(0): Modeline "640x360"x119.7   31.88  640 664 680 720  360 361 364 370 doublescan +hsync -vsync (44.3 kHz d)
[  1046.468] (II) modeset(0): Modeline "640x360"x59.8   18.00  640 664 720 800  360 363 368 376 -hsync +vsync (22.5 kHz d)
[  1046.468] (II) modeset(0): Modeline "640x360"x59.3   17.75  640 688 720 800  360 363 368 374 +hsync -vsync (22.2 kHz d)
[  1046.468] (II) modeset(0): Modeline "512x384"x120.0   32.50  512 524 592 672  384 385 388 403 doublescan -hsync -vsync (48.4 kHz d)
[  1046.468] (II) modeset(0): Modeline "512x288"x120.0   23.25  512 532 580 648  288 289 292 299 doublescan -hsync +vsync (35.9 kHz d)
[  1046.468] (II) modeset(0): Modeline "512x288"x119.8   21.00  512 536 552 592  288 289 292 296 doublescan +hsync -vsync (35.5 kHz d)
[  1046.468] (II) modeset(0): Modeline "480x270"x119.3   20.38  480 496 544 608  270 271 274 281 doublescan -hsync +vsync (33.5 kHz d)
[  1046.468] (II) modeset(0): Modeline "480x270"x119.6   18.62  480 504 520 560  270 271 274 278 doublescan +hsync -vsync (33.3 kHz d)
[  1046.468] (II) modeset(0): Modeline "400x300"x120.6   20.00  400 420 484 528  300 300 302 314 doublescan +hsync +vsync (37.9 kHz d)
[  1046.468] (II) modeset(0): Modeline "400x300"x112.7   18.00  400 412 448 512  300 300 301 312 doublescan +hsync +vsync (35.2 kHz d)
[  1046.468] (II) modeset(0): Modeline "432x243"x119.8   16.25  432 444 484 536  243 244 247 253 doublescan -hsync +vsync (30.3 kHz d)
[  1046.469] (II) modeset(0): Modeline "432x243"x119.1   15.25  432 456 472 512  243 244 247 250 doublescan +hsync -vsync (29.8 kHz d)
[  1046.469] (II) modeset(0): Modeline "320x240"x120.1   12.59  320 328 376 400  240 245 246 262 doublescan -hsync -vsync (31.5 kHz d)
[  1046.469] (II) modeset(0): Modeline "360x202"x119.0   11.25  360 372 404 448  202 204 206 211 doublescan -hsync +vsync (25.1 kHz d)
[  1046.469] (II) modeset(0): Modeline "360x202"x118.3   10.88  360 384 400 440  202 204 206 209 doublescan +hsync -vsync (24.7 kHz d)
[  1046.469] (II) modeset(0): Modeline "320x180"x119.7    9.00  320 332 360 400  180 181 184 188 doublescan -hsync +vsync (22.5 kHz d)
[  1046.469] (II) modeset(0): Modeline "320x180"x118.6    8.88  320 344 360 400  180 181 184 187 doublescan +hsync -vsync (22.2 kHz d)
[  1046.479] (II) modeset(0): EDID for output VGA-1
[  1046.583] (II) modeset(0): EDID for output HDMI-1
[  1046.686] (II) modeset(0): EDID for output DP-1
[  1046.687] (II) modeset(0): EDID for output HDMI-2
[  1046.687] (II) modeset(0): EDID for output DP-2
[  1046.794] (II) modeset(0): EDID for output DP-3
[  1046.794] (II) modeset(0): Output LVDS-1 connected
[  1046.794] (II) modeset(0): Output VGA-1 disconnected
[  1046.794] (II) modeset(0): Output HDMI-1 disconnected
[  1046.794] (II) modeset(0): Output DP-1 disconnected
[  1046.794] (II) modeset(0): Output HDMI-2 disconnected
[  1046.794] (II) modeset(0): Output DP-2 disconnected
[  1046.794] (II) modeset(0): Output DP-3 disconnected
[  1046.794] (II) modeset(0): Using exact sizes for initial modes
[  1046.794] (II) modeset(0): Output LVDS-1 using initial mode 1280x800 +0+0
[  1046.794] (==) modeset(0): Using gamma correction (1.0, 1.0, 1.0)
[  1046.794] (==) modeset(0): DPI set to (96, 96)
[  1046.794] (II) Loading sub module "fb"
[  1046.794] (II) LoadModule: "fb"
[  1046.794] (II) Module "fb" already built-in
[  1046.833] (==) modeset(0): Backing store enabled
[  1046.833] (==) modeset(0): Silken mouse enabled
[  1046.860] (II) modeset(0): Initializing kms color map for depth 24, 8 bpc.
[  1046.860] (==) modeset(0): DPMS enabled
[  1046.860] (II) modeset(0): [DRI2] Setup complete
[  1046.860] (II) modeset(0): [DRI2]   DRI driver: crocus
[  1046.860] (II) modeset(0): [DRI2]   VDPAU driver: va_gl
[  1046.860] (II) Initializing extension Generic Event Extension
[  1046.860] (II) Initializing extension SHAPE
[  1046.861] (II) Initializing extension MIT-SHM
[  1046.861] (II) Initializing extension XInputExtension
[  1046.861] (II) Initializing extension XTEST
[  1046.861] (II) Initializing extension BIG-REQUESTS
[  1046.861] (II) Initializing extension SYNC
[  1046.861] (II) Initializing extension XKEYBOARD
[  1046.862] (II) Initializing extension XC-MISC
[  1046.862] (II) Initializing extension SECURITY
[  1046.862] (II) Initializing extension XFIXES
[  1046.862] (II) Initializing extension RENDER
[  1046.862] (II) Initializing extension RANDR
[  1046.863] (II) Initializing extension COMPOSITE
[  1046.863] (II) Initializing extension DAMAGE
[  1046.863] (II) Initializing extension MIT-SCREEN-SAVER
[  1046.863] (II) Initializing extension DOUBLE-BUFFER
[  1046.863] (II) Initializing extension RECORD
[  1046.864] (II) Initializing extension DPMS
[  1046.864] (II) Initializing extension Present
[  1046.864] (II) Initializing extension DRI3
[  1046.864] (II) Initializing extension X-Resource
[  1046.864] (II) Initializing extension XVideo
[  1046.864] (II) Initializing extension XVideo-MotionCompensation
[  1046.864] (II) Initializing extension GLX
[  1046.873] (II) AIGLX: Loaded and initialized crocus
[  1046.873] (II) GLX: Initialized DRI2 GL provider for screen 0
[  1046.873] (II) Initializing extension XFree86-VidModeExtension
[  1046.873] (II) Initializing extension XFree86-DGA
[  1046.873] (II) Initializing extension XFree86-DRI
[  1046.873] (II) Initializing extension DRI2
[  1046.874] (II) modeset(0): Damage tracking initialized
[  1046.874] (II) modeset(0): Setting screen physical size to 338 x 211
[  1046.947] (II) config/udev: Adding input device Power Button (/dev/input/event2)
[  1046.947] (**) Power Button: Applying InputClass "libinput keyboard catchall"
[  1046.947] (**) Power Button: Applying InputClass "system-keyboard"
[  1046.947] (II) LoadModule: "libinput"
[  1046.947] (II) Loading /usr/lib/xorg/modules/input/libinput_drv.so
[  1046.950] (II) Module libinput: vendor="X.Org Foundation"
[  1046.950] 	compiled for 1.21.1.8, module version = 1.4.0
[  1046.950] 	Module class: X.Org XInput Driver
[  1046.950] 	ABI class: X.Org XInput driver, version 24.4
[  1046.950] (II) Using input driver 'libinput' for 'Power Button'
[  1046.951] (II) systemd-logind: got fd for /dev/input/event2 13:66 fd 27 paused 0
[  1046.951] (**) Power Button: always reports core events
[  1046.951] (**) Option "Device" "/dev/input/event2"
[  1046.954] (II) event2  - Power Button: is tagged by udev as: Keyboard
[  1046.954] (II) event2  - Power Button: device is a keyboard
[  1046.954] (II) event2  - Power Button: device removed
[  1046.954] (**) Option "config_info" "udev:/sys/devices/LNXSYSTM:00/LNXPWRBN:00/input/input2/event2"
[  1046.954] (II) XINPUT: Adding extended input device "Power Button" (type: KEYBOARD, id 6)
[  1046.954] (**) Option "xkb_model" "pc105"
[  1046.954] (**) Option "xkb_layout" "fr"
[  1046.954] (**) Option "xkb_options" "terminate:ctrl_alt_bksp"
[  1046.985] (II) event2  - Power Button: is tagged by udev as: Keyboard
[  1046.985] (II) event2  - Power Button: device is a keyboard
[  1046.986] (II) config/udev: Adding input device Video Bus (/dev/input/event8)
[  1046.986] (**) Video Bus: Applying InputClass "libinput keyboard catchall"
[  1046.986] (**) Video Bus: Applying InputClass "system-keyboard"
[  1046.986] (II) Using input driver 'libinput' for 'Video Bus'
[  1046.987] (II) systemd-logind: got fd for /dev/input/event8 13:72 fd 30 paused 0
[  1046.987] (**) Video Bus: always reports core events
[  1046.987] (**) Option "Device" "/dev/input/event8"
[  1046.988] (II) event8  - Video Bus: is tagged by udev as: Keyboard
[  1046.988] (II) event8  - Video Bus: device is a keyboard
[  1046.988] (II) event8  - Video Bus: device removed
[  1046.989] (**) Option "config_info" "udev:/sys/devices/LNXSYSTM:00/LNXSYBUS:00/PNP0A08:00/LNXVIDEO:00/input/input9/event8"
[  1046.989] (II) XINPUT: Adding extended input device "Video Bus" (type: KEYBOARD, id 7)
[  1046.989] (**) Option "xkb_model" "pc105"
[  1046.989] (**) Option "xkb_layout" "fr"
[  1046.989] (**) Option "xkb_options" "terminate:ctrl_alt_bksp"
[  1046.990] (II) event8  - Video Bus: is tagged by udev as: Keyboard
[  1046.990] (II) event8  - Video Bus: device is a keyboard
[  1046.991] (II) config/udev: Adding input device Lid Switch (/dev/input/event0)
[  1046.991] (II) No input driver specified, ignoring this device.
[  1046.991] (II) This device may have been added with another device file.
[  1046.992] (II) config/udev: Adding input device Sleep Button (/dev/input/event1)
[  1046.992] (**) Sleep Button: Applying InputClass "libinput keyboard catchall"
[  1046.992] (**) Sleep Button: Applying InputClass "system-keyboard"
[  1046.992] (II) Using input driver 'libinput' for 'Sleep Button'
[  1046.992] (II) systemd-logind: got fd for /dev/input/event1 13:65 fd 31 paused 0
[  1046.992] (**) Sleep Button: always reports core events
[  1046.992] (**) Option "Device" "/dev/input/event1"
[  1046.994] (II) event1  - Sleep Button: is tagged by udev as: Keyboard
[  1046.994] (II) event1  - Sleep Button: device is a keyboard
[  1046.994] (II) event1  - Sleep Button: device removed
[  1046.994] (**) Option "config_info" "udev:/sys/devices/LNXSYSTM:00/LNXSYBUS:00/PNP0C0E:00/input/input1/event1"
[  1046.994] (II) XINPUT: Adding extended input device "Sleep Button" (type: KEYBOARD, id 8)
[  1046.994] (**) Option "xkb_model" "pc105"
[  1046.994] (**) Option "xkb_layout" "fr"
[  1046.994] (**) Option "xkb_options" "terminate:ctrl_alt_bksp"
[  1046.995] (II) event1  - Sleep Button: is tagged by udev as: Keyboard
[  1046.995] (II) event1  - Sleep Button: device is a keyboard
[  1046.998] (II) config/udev: Adding input device Logitech USB Optical Mouse (/dev/input/event3)
[  1046.998] (**) Logitech USB Optical Mouse: Applying InputClass "libinput pointer catchall"
[  1046.998] (II) Using input driver 'libinput' for 'Logitech USB Optical Mouse'
[  1046.998] (II) systemd-logind: got fd for /dev/input/event3 13:67 fd 32 paused 0
[  1046.998] (**) Logitech USB Optical Mouse: always reports core events
[  1046.998] (**) Option "Device" "/dev/input/event3"
[  1047.001] (II) event3  - Logitech USB Optical Mouse: is tagged by udev as: Mouse
[  1047.001] (II) event3  - Logitech USB Optical Mouse: device is a pointer
[  1047.001] (II) event3  - Logitech USB Optical Mouse: device removed
[  1047.001] (II) libinput: Logitech USB Optical Mouse: Step value 0 was provided, libinput Fallback acceleration function is used.
[  1047.001] (II) libinput: Logitech USB Optical Mouse: Step value 0 was provided, libinput Fallback acceleration function is used.
[  1047.001] (II) libinput: Logitech USB Optical Mouse: Step value 0 was provided, libinput Fallback acceleration function is used.
[  1047.001] (**) Option "config_info" "udev:/sys/devices/pci0000:00/0000:00:1a.0/usb1/1-1/1-1:1.0/0003:046D:C077.0001/input/input3/event3"
[  1047.001] (II) XINPUT: Adding extended input device "Logitech USB Optical Mouse" (type: MOUSE, id 9)
[  1047.002] (**) Option "AccelerationScheme" "none"
[  1047.002] (**) Logitech USB Optical Mouse: (accel) selected scheme none/0
[  1047.002] (**) Logitech USB Optical Mouse: (accel) acceleration factor: 2.000
[  1047.002] (**) Logitech USB Optical Mouse: (accel) acceleration threshold: 4
[  1047.004] (II) event3  - Logitech USB Optical Mouse: is tagged by udev as: Mouse
[  1047.004] (II) event3  - Logitech USB Optical Mouse: device is a pointer
[  1047.006] (II) config/udev: Adding input device Logitech USB Optical Mouse (/dev/input/mouse0)
[  1047.006] (II) No input driver specified, ignoring this device.
[  1047.006] (II) This device may have been added with another device file.
[  1047.006] (II) config/udev: Adding input device HDA Intel Mic (/dev/input/event9)
[  1047.006] (II) No input driver specified, ignoring this device.
[  1047.006] (II) This device may have been added with another device file.
[  1047.007] (II) config/udev: Adding input device HDA Intel Dock Mic (/dev/input/event10)
[  1047.007] (II) No input driver specified, ignoring this device.
[  1047.007] (II) This device may have been added with another device file.
[  1047.007] (II) config/udev: Adding input device HDA Intel Dock Headphone (/dev/input/event11)
[  1047.007] (II) No input driver specified, ignoring this device.
[  1047.007] (II) This device may have been added with another device file.
[  1047.008] (II) config/udev: Adding input device HDA Intel Headphone (/dev/input/event12)
[  1047.008] (II) No input driver specified, ignoring this device.
[  1047.008] (II) This device may have been added with another device file.
[  1047.009] (II) config/udev: Adding input device AT Translated Set 2 keyboard (/dev/input/event4)
[  1047.009] (**) AT Translated Set 2 keyboard: Applying InputClass "libinput keyboard catchall"
[  1047.009] (**) AT Translated Set 2 keyboard: Applying InputClass "system-keyboard"
[  1047.009] (II) Using input driver 'libinput' for 'AT Translated Set 2 keyboard'
[  1047.010] (II) systemd-logind: got fd for /dev/input/event4 13:68 fd 33 paused 0
[  1047.010] (**) AT Translated Set 2 keyboard: always reports core events
[  1047.010] (**) Option "Device" "/dev/input/event4"
[  1047.011] (II) event4  - AT Translated Set 2 keyboard: is tagged by udev as: Keyboard
[  1047.012] (II) event4  - AT Translated Set 2 keyboard: device is a keyboard
[  1047.012] (II) event4  - AT Translated Set 2 keyboard: device removed
[  1047.012] (**) Option "config_info" "udev:/sys/devices/platform/i8042/serio0/input/input4/event4"
[  1047.012] (II) XINPUT: Adding extended input device "AT Translated Set 2 keyboard" (type: KEYBOARD, id 10)
[  1047.012] (**) Option "xkb_model" "pc105"
[  1047.012] (**) Option "xkb_layout" "fr"
[  1047.012] (**) Option "xkb_options" "terminate:ctrl_alt_bksp"
[  1047.014] (II) event4  - AT Translated Set 2 keyboard: is tagged by udev as: Keyboard
[  1047.014] (II) event4  - AT Translated Set 2 keyboard: device is a keyboard
[  1047.016] (II) config/udev: Adding input device TPPS/2 IBM TrackPoint (/dev/input/event7)
[  1047.016] (**) TPPS/2 IBM TrackPoint: Applying InputClass "libinput pointer catchall"
[  1047.016] (II) Using input driver 'libinput' for 'TPPS/2 IBM TrackPoint'
[  1047.016] (II) systemd-logind: got fd for /dev/input/event7 13:71 fd 34 paused 0
[  1047.016] (**) TPPS/2 IBM TrackPoint: always reports core events
[  1047.016] (**) Option "Device" "/dev/input/event7"
[  1047.018] (II) event7  - TPPS/2 IBM TrackPoint: is tagged by udev as: Mouse Pointingstick
[  1047.018] (II) event7  - TPPS/2 IBM TrackPoint: trackpoint multiplier is 1.25
[  1047.018] (II) event7  - TPPS/2 IBM TrackPoint: device is a pointer
[  1047.019] (II) event7  - TPPS/2 IBM TrackPoint: device removed
[  1047.019] (II) libinput: TPPS/2 IBM TrackPoint: Step value 0 was provided, libinput Fallback acceleration function is used.
[  1047.019] (II) libinput: TPPS/2 IBM TrackPoint: Step value 0 was provided, libinput Fallback acceleration function is used.
[  1047.019] (II) libinput: TPPS/2 IBM TrackPoint: Step value 0 was provided, libinput Fallback acceleration function is used.
[  1047.019] (**) Option "config_info" "udev:/sys/devices/platform/i8042/serio1/input/input6/event7"
[  1047.019] (II) XINPUT: Adding extended input device "TPPS/2 IBM TrackPoint" (type: MOUSE, id 11)
[  1047.019] (**) Option "AccelerationScheme" "none"
[  1047.019] (**) TPPS/2 IBM TrackPoint: (accel) selected scheme none/0
[  1047.019] (**) TPPS/2 IBM TrackPoint: (accel) acceleration factor: 2.000
[  1047.019] (**) TPPS/2 IBM TrackPoint: (accel) acceleration threshold: 4
[  1047.020] (II) event7  - TPPS/2 IBM TrackPoint: is tagged by udev as: Mouse Pointingstick
[  1047.021] (II) event7  - TPPS/2 IBM TrackPoint: trackpoint multiplier is 1.25
[  1047.021] (II) event7  - TPPS/2 IBM TrackPoint: device is a pointer
[  1047.022] (II) config/udev: Adding input device TPPS/2 IBM TrackPoint (/dev/input/mouse1)
[  1047.022] (II) No input driver specified, ignoring this device.
[  1047.022] (II) This device may have been added with another device file.
[  1047.023] (II) config/udev: Adding input device PC Speaker (/dev/input/event5)
[  1047.023] (II) No input driver specified, ignoring this device.
[  1047.023] (II) This device may have been added with another device file.
[  1047.027] (II) config/udev: Adding input device ThinkPad Extra Buttons (/dev/input/event6)
[  1047.027] (**) ThinkPad Extra Buttons: Applying InputClass "libinput keyboard catchall"
[  1047.027] (**) ThinkPad Extra Buttons: Applying InputClass "system-keyboard"
[  1047.027] (II) Using input driver 'libinput' for 'ThinkPad Extra Buttons'
[  1047.028] (II) systemd-logind: got fd for /dev/input/event6 13:70 fd 35 paused 0
[  1047.028] (**) ThinkPad Extra Buttons: always reports core events
[  1047.028] (**) Option "Device" "/dev/input/event6"
[  1047.029] (II) event6  - ThinkPad Extra Buttons: is tagged by udev as: Keyboard Switch
[  1047.029] (II) event6  - ThinkPad Extra Buttons: device is a keyboard
[  1047.030] (II) event6  - ThinkPad Extra Buttons: device removed
[  1047.030] (**) Option "config_info" "udev:/sys/devices/platform/thinkpad_acpi/input/input8/event6"
[  1047.030] (II) XINPUT: Adding extended input device "ThinkPad Extra Buttons" (type: KEYBOARD, id 12)
[  1047.030] (**) Option "xkb_model" "pc105"
[  1047.030] (**) Option "xkb_layout" "fr"
[  1047.030] (**) Option "xkb_options" "terminate:ctrl_alt_bksp"
[  1047.031] (II) event6  - ThinkPad Extra Buttons: is tagged by udev as: Keyboard Switch
[  1047.031] (II) event6  - ThinkPad Extra Buttons: device is a keyboard
[  1059.423] (**) Option "fd" "27"
[  1059.424] (II) event2  - Power Button: device removed
[  1059.424] (**) Option "fd" "30"
[  1059.424] (II) event8  - Video Bus: device removed
[  1059.424] (**) Option "fd" "31"
[  1059.424] (II) event1  - Sleep Button: device removed
[  1059.424] (**) Option "fd" "32"
[  1059.424] (II) event3  - Logitech USB Optical Mouse: device removed
[  1059.424] (**) Option "fd" "33"
[  1059.424] (II) event4  - AT Translated Set 2 keyboard: device removed
[  1059.424] (**) Option "fd" "34"
[  1059.424] (II) event7  - TPPS/2 IBM TrackPoint: device removed
[  1059.424] (**) Option "fd" "35"
[  1059.424] (II) event6  - ThinkPad Extra Buttons: device removed
[  1059.424] (II) AIGLX: Suspending AIGLX clients for VT switch
[  1059.476] (II) systemd-logind: got pause for 13:72
[  1059.476] (II) systemd-logind: got pause for 13:71
[  1059.476] (II) systemd-logind: got pause for 13:70
[  1059.476] (II) systemd-logind: got pause for 13:67
[  1059.476] (II) systemd-logind: got pause for 13:65
[  1059.476] (II) systemd-logind: got pause for 13:68
[  1059.476] (II) systemd-logind: got pause for 13:66
[  1060.326] (II) systemd-logind: got resume for 13:72
[  1060.343] (II) systemd-logind: got resume for 13:71
[  1060.360] (II) systemd-logind: got resume for 13:70
[  1060.373] (II) systemd-logind: got resume for 13:67
[  1060.373] (II) systemd-logind: got resume for 226:1
[  1060.373] (II) AIGLX: Resuming AIGLX clients after VT switch
[  1060.697] (II) modeset(0): EDID vendor "LEN", prod id 16400
[  1060.697] (II) modeset(0): Printing DDC gathered Modelines:
[  1060.697] (II) modeset(0): Modeline "1280x800"x0.0   71.10  1280 1328 1360 1440  800 803 809 823 -hsync -vsync (49.4 kHz eP)
[  1060.697] (II) modeset(0): Modeline "1280x800"x0.0   59.26  1280 1328 1360 1440  800 803 809 823 -hsync -vsync (41.2 kHz e)
[  1061.067] (II) modeset(0): EDID vendor "LEN", prod id 16400
[  1061.067] (II) modeset(0): Printing DDC gathered Modelines:
[  1061.067] (II) modeset(0): Modeline "1280x800"x0.0   71.10  1280 1328 1360 1440  800 803 809 823 -hsync -vsync (49.4 kHz eP)
[  1061.067] (II) modeset(0): Modeline "1280x800"x0.0   59.26  1280 1328 1360 1440  800 803 809 823 -hsync -vsync (41.2 kHz e)
[  1061.424] (II) event8  - Video Bus: is tagged by udev as: Keyboard
[  1061.424] (II) event8  - Video Bus: device is a keyboard
[  1061.430] (II) event3  - Logitech USB Optical Mouse: is tagged by udev as: Mouse
[  1061.431] (II) event3  - Logitech USB Optical Mouse: device is a pointer
[  1061.433] (II) event7  - TPPS/2 IBM TrackPoint: is tagged by udev as: Mouse Pointingstick
[  1061.434] (II) event7  - TPPS/2 IBM TrackPoint: trackpoint multiplier is 1.25
[  1061.434] (II) event7  - TPPS/2 IBM TrackPoint: device is a pointer
[  1061.436] (II) event6  - ThinkPad Extra Buttons: is tagged by udev as: Keyboard Switch
[  1061.436] (II) event6  - ThinkPad Extra Buttons: device is a keyboard
[  1061.438] (II) systemd-logind: got resume for 13:65
[  1061.439] (II) event1  - Sleep Button: is tagged by udev as: Keyboard
[  1061.440] (II) event1  - Sleep Button: device is a keyboard
[  1061.441] (II) systemd-logind: got resume for 13:68
[  1061.443] (II) event4  - AT Translated Set 2 keyboard: is tagged by udev as: Keyboard
[  1061.443] (II) event4  - AT Translated Set 2 keyboard: device is a keyboard
[  1061.445] (II) systemd-logind: got resume for 13:66
[  1061.447] (II) event2  - Power Button: is tagged by udev as: Keyboard
[  1061.447] (II) event2  - Power Button: device is a keyboard
[  1074.235] (**) Option "fd" "37"
[  1074.235] (II) event2  - Power Button: device removed
[  1074.236] (**) Option "fd" "30"
[  1074.236] (II) event8  - Video Bus: device removed
[  1074.236] (**) Option "fd" "35"
[  1074.236] (II) event1  - Sleep Button: device removed
[  1074.236] (**) Option "fd" "33"
[  1074.236] (II) event3  - Logitech USB Optical Mouse: device removed
[  1074.236] (**) Option "fd" "36"
[  1074.236] (II) event4  - AT Translated Set 2 keyboard: device removed
[  1074.236] (**) Option "fd" "31"
[  1074.236] (II) event7  - TPPS/2 IBM TrackPoint: device removed
[  1074.237] (**) Option "fd" "32"
[  1074.237] (II) event6  - ThinkPad Extra Buttons: device removed
[  1074.237] (II) AIGLX: Suspending AIGLX clients for VT switch
[  1074.240] (II) systemd-logind: got pause for 13:72
[  1074.240] (II) systemd-logind: got pause for 13:71
[  1074.240] (II) systemd-logind: got pause for 13:70
[  1074.240] (II) systemd-logind: got pause for 13:67
[  1074.240] (II) systemd-logind: got pause for 13:65
[  1074.240] (II) systemd-logind: got pause for 13:68
[  1074.240] (II) systemd-logind: got pause for 13:66
[  1154.443] (II) systemd-logind: got resume for 13:72
[  1154.460] (II) systemd-logind: got resume for 13:71
[  1154.476] (II) systemd-logind: got resume for 13:70
[  1154.493] (II) systemd-logind: got resume for 13:67
[  1154.493] (II) systemd-logind: got resume for 226:1
[  1154.493] (II) AIGLX: Resuming AIGLX clients after VT switch
[  1154.816] (II) modeset(0): EDID vendor "LEN", prod id 16400
[  1154.817] (II) modeset(0): Printing DDC gathered Modelines:
[  1154.817] (II) modeset(0): Modeline "1280x800"x0.0   71.10  1280 1328 1360 1440  800 803 809 823 -hsync -vsync (49.4 kHz eP)
[  1154.817] (II) modeset(0): Modeline "1280x800"x0.0   59.26  1280 1328 1360 1440  800 803 809 823 -hsync -vsync (41.2 kHz e)
[  1155.201] (II) modeset(0): EDID vendor "LEN", prod id 16400
[  1155.201] (II) modeset(0): Printing DDC gathered Modelines:
[  1155.201] (II) modeset(0): Modeline "1280x800"x0.0   71.10  1280 1328 1360 1440  800 803 809 823 -hsync -vsync (49.4 kHz eP)
[  1155.201] (II) modeset(0): Modeline "1280x800"x0.0   59.26  1280 1328 1360 1440  800 803 809 823 -hsync -vsync (41.2 kHz e)
[  1155.557] (II) event8  - Video Bus: is tagged by udev as: Keyboard
[  1155.558] (II) event8  - Video Bus: device is a keyboard
[  1155.564] (II) event3  - Logitech USB Optical Mouse: is tagged by udev as: Mouse
[  1155.564] (II) event3  - Logitech USB Optical Mouse: device is a pointer
[  1155.566] (II) event7  - TPPS/2 IBM TrackPoint: is tagged by udev as: Mouse Pointingstick
[  1155.567] (II) event7  - TPPS/2 IBM TrackPoint: trackpoint multiplier is 1.25
[  1155.567] (II) event7  - TPPS/2 IBM TrackPoint: device is a pointer
[  1155.570] (II) event6  - ThinkPad Extra Buttons: is tagged by udev as: Keyboard Switch
[  1155.570] (II) event6  - ThinkPad Extra Buttons: device is a keyboard
[  1155.571] (II) systemd-logind: got resume for 13:65
[  1155.573] (II) event1  - Sleep Button: is tagged by udev as: Keyboard
[  1155.573] (II) event1  - Sleep Button: device is a keyboard
[  1155.574] (II) systemd-logind: got resume for 13:68
[  1155.576] (II) event4  - AT Translated Set 2 keyboard: is tagged by udev as: Keyboard
[  1155.577] (II) event4  - AT Translated Set 2 keyboard: device is a keyboard
[  1155.578] (II) systemd-logind: got resume for 13:66
[  1155.580] (II) event2  - Power Button: is tagged by udev as: Keyboard
[  1155.580] (II) event2  - Power Button: device is a keyboard
[  1157.130] (**) Option "fd" "38"
[  1157.130] (II) event2  - Power Button: device removed
[  1157.130] (**) Option "fd" "30"
[  1157.130] (II) event8  - Video Bus: device removed
[  1157.130] (**) Option "fd" "36"
[  1157.130] (II) event1  - Sleep Button: device removed
[  1157.130] (**) Option "fd" "33"
[  1157.130] (II) event3  - Logitech USB Optical Mouse: device removed
[  1157.130] (**) Option "fd" "37"
[  1157.130] (II) event4  - AT Translated Set 2 keyboard: device removed
[  1157.130] (**) Option "fd" "31"
[  1157.130] (II) event7  - TPPS/2 IBM TrackPoint: device removed
[  1157.130] (**) Option "fd" "32"
[  1157.131] (II) event6  - ThinkPad Extra Buttons: device removed
[  1157.131] (II) AIGLX: Suspending AIGLX clients for VT switch
[  1157.184] (II) systemd-logind: got pause for 13:72
[  1157.184] (II) systemd-logind: got pause for 13:71
[  1157.184] (II) systemd-logind: got pause for 13:70
[  1157.184] (II) systemd-logind: got pause for 13:67
[  1157.184] (II) systemd-logind: got pause for 13:65
[  1157.184] (II) systemd-logind: got pause for 13:68
[  1157.184] (II) systemd-logind: got pause for 13:66
[  1568.673] (II) systemd-logind: got resume for 13:72
[  1568.700] (II) systemd-logind: got resume for 13:71
[  1568.716] (II) systemd-logind: got resume for 13:70
[  1568.733] (II) systemd-logind: got resume for 13:67
[  1568.733] (II) systemd-logind: got resume for 226:1
[  1568.733] (II) AIGLX: Resuming AIGLX clients after VT switch
[  1569.051] (II) modeset(0): EDID vendor "LEN", prod id 16400
[  1569.051] (II) modeset(0): Printing DDC gathered Modelines:
[  1569.051] (II) modeset(0): Modeline "1280x800"x0.0   71.10  1280 1328 1360 1440  800 803 809 823 -hsync -vsync (49.4 kHz eP)
[  1569.051] (II) modeset(0): Modeline "1280x800"x0.0   59.26  1280 1328 1360 1440  800 803 809 823 -hsync -vsync (41.2 kHz e)
[  1569.421] (II) modeset(0): EDID vendor "LEN", prod id 16400
[  1569.421] (II) modeset(0): Printing DDC gathered Modelines:
[  1569.421] (II) modeset(0): Modeline "1280x800"x0.0   71.10  1280 1328 1360 1440  800 803 809 823 -hsync -vsync (49.4 kHz eP)
[  1569.421] (II) modeset(0): Modeline "1280x800"x0.0   59.26  1280 1328 1360 1440  800 803 809 823 -hsync -vsync (41.2 kHz e)
[  1569.778] (II) event8  - Video Bus: is tagged by udev as: Keyboard
[  1569.778] (II) event8  - Video Bus: device is a keyboard
[  1569.785] (II) event3  - Logitech USB Optical Mouse: is tagged by udev as: Mouse
[  1569.786] (II) event3  - Logitech USB Optical Mouse: device is a pointer
[  1569.790] (II) event7  - TPPS/2 IBM TrackPoint: is tagged by udev as: Mouse Pointingstick
[  1569.792] (II) event7  - TPPS/2 IBM TrackPoint: trackpoint multiplier is 1.25
[  1569.792] (II) event7  - TPPS/2 IBM TrackPoint: device is a pointer
[  1569.795] (II) event6  - ThinkPad Extra Buttons: is tagged by udev as: Keyboard Switch
[  1569.795] (II) event6  - ThinkPad Extra Buttons: device is a keyboard
[  1569.796] (II) systemd-logind: got resume for 13:65
[  1569.798] (II) event1  - Sleep Button: is tagged by udev as: Keyboard
[  1569.798] (II) event1  - Sleep Button: device is a keyboard
[  1569.799] (II) systemd-logind: got resume for 13:68
[  1569.801] (II) event4  - AT Translated Set 2 keyboard: is tagged by udev as: Keyboard
[  1569.802] (II) event4  - AT Translated Set 2 keyboard: device is a keyboard
[  1569.803] (II) systemd-logind: got resume for 13:66
[  1569.805] (II) event2  - Power Button: is tagged by udev as: Keyboard
[  1569.805] (II) event2  - Power Button: device is a keyboard
[  1583.628] (**) Option "fd" "39"
[  1583.628] (II) event2  - Power Button: device removed
[  1583.628] (**) Option "fd" "30"
[  1583.628] (II) event8  - Video Bus: device removed
[  1583.628] (**) Option "fd" "37"
[  1583.628] (II) event1  - Sleep Button: device removed
[  1583.628] (**) Option "fd" "33"
[  1583.628] (II) event3  - Logitech USB Optical Mouse: device removed
[  1583.628] (**) Option "fd" "38"
[  1583.628] (II) event4  - AT Translated Set 2 keyboard: device removed
[  1583.628] (**) Option "fd" "31"
[  1583.628] (II) event7  - TPPS/2 IBM TrackPoint: device removed
[  1583.629] (**) Option "fd" "32"
[  1583.629] (II) event6  - ThinkPad Extra Buttons: device removed
[  1583.629] (II) AIGLX: Suspending AIGLX clients for VT switch
[  1583.633] (II) systemd-logind: got pause for 13:72
[  1583.633] (II) systemd-logind: got pause for 13:71
[  1583.633] (II) systemd-logind: got pause for 13:70
[  1583.633] (II) systemd-logind: got pause for 13:67
[  1583.633] (II) systemd-logind: got pause for 13:65
[  1583.633] (II) systemd-logind: got pause for 13:68
[  1583.633] (II) systemd-logind: got pause for 13:66
[  6821.184] (II) config/udev: removing device Power Button
[  6821.185] (II) UnloadModule: "libinput"
[  6821.185] (II) systemd-logind: releasing fd for 13:66
[  6821.213] (II) config/udev: Adding input device Power Button (/dev/input/event2)
[  6821.213] (**) Power Button: Applying InputClass "libinput keyboard catchall"
[  6821.213] (**) Power Button: Applying InputClass "system-keyboard"
[  6821.213] (II) Using input driver 'libinput' for 'Power Button'
[  6821.221] (II) systemd-logind: got fd for /dev/input/event2 13:66 fd 30 paused 1
[  6821.221] (II) systemd-logind: releasing fd for 13:66
[  6821.256] (II) config/udev: removing device Video Bus
[  6821.256] (II) UnloadModule: "libinput"
[  6821.256] (II) systemd-logind: releasing fd for 13:72
[  6821.274] (II) config/udev: Adding input device Video Bus (/dev/input/event8)
[  6821.274] (**) Video Bus: Applying InputClass "libinput keyboard catchall"
[  6821.274] (**) Video Bus: Applying InputClass "system-keyboard"
[  6821.274] (II) Using input driver 'libinput' for 'Video Bus'
[  6821.343] (II) systemd-logind: got fd for /dev/input/event8 13:72 fd 30 paused 1
[  6821.343] (II) systemd-logind: releasing fd for 13:72
[  6821.386] (II) config/udev: Adding input device Lid Switch (/dev/input/event0)
[  6821.386] (II) No input driver specified, ignoring this device.
[  6821.386] (II) This device may have been added with another device file.
[  6821.387] (II) config/udev: removing device Sleep Button
[  6821.387] (II) UnloadModule: "libinput"
[  6821.387] (II) systemd-logind: releasing fd for 13:65
[  6821.423] (II) config/udev: Adding input device Sleep Button (/dev/input/event1)
[  6821.423] (**) Sleep Button: Applying InputClass "libinput keyboard catchall"
[  6821.423] (**) Sleep Button: Applying InputClass "system-keyboard"
[  6821.423] (II) Using input driver 'libinput' for 'Sleep Button'
[  6821.488] (II) systemd-logind: got fd for /dev/input/event1 13:65 fd 30 paused 1
[  6821.488] (II) systemd-logind: releasing fd for 13:65
[  6821.617] (II) config/udev: Adding input device Logitech USB Optical Mouse (/dev/input/mouse0)
[  6821.617] (II) No input driver specified, ignoring this device.
[  6821.617] (II) This device may have been added with another device file.
[  6821.618] (II) config/udev: Adding input device HDA Intel Dock Mic (/dev/input/event10)
[  6821.618] (II) No input driver specified, ignoring this device.
[  6821.618] (II) This device may have been added with another device file.
[  6821.618] (II) config/udev: Adding input device HDA Intel Mic (/dev/input/event9)
[  6821.618] (II) No input driver specified, ignoring this device.
[  6821.618] (II) This device may have been added with another device file.
[  6821.619] (II) config/udev: Adding input device HDA Intel Headphone (/dev/input/event12)
[  6821.619] (II) No input driver specified, ignoring this device.
[  6821.619] (II) This device may have been added with another device file.
[  6821.622] (II) config/udev: Adding input device TPPS/2 IBM TrackPoint (/dev/input/mouse1)
[  6821.622] (II) No input driver specified, ignoring this device.
[  6821.622] (II) This device may have been added with another device file.
[  6821.622] (II) config/udev: removing device Logitech USB Optical Mouse
[  6821.623] (II) UnloadModule: "libinput"
[  6821.623] (II) systemd-logind: releasing fd for 13:67
[  6821.665] (II) config/udev: Adding input device Logitech USB Optical Mouse (/dev/input/event3)
[  6821.665] (**) Logitech USB Optical Mouse: Applying InputClass "libinput pointer catchall"
[  6821.665] (II) Using input driver 'libinput' for 'Logitech USB Optical Mouse'
[  6821.667] (II) systemd-logind: got fd for /dev/input/event3 13:67 fd 30 paused 1
[  6821.667] (II) systemd-logind: releasing fd for 13:67
[  6821.668] (II) config/udev: Adding input device HDA Intel Dock Headphone (/dev/input/event11)
[  6821.669] (II) No input driver specified, ignoring this device.
[  6821.669] (II) This device may have been added with another device file.
[  6821.669] (II) config/udev: removing device AT Translated Set 2 keyboard
[  6821.669] (II) UnloadModule: "libinput"
[  6821.669] (II) systemd-logind: releasing fd for 13:68
[  6821.682] (II) config/udev: Adding input device AT Translated Set 2 keyboard (/dev/input/event4)
[  6821.682] (**) AT Translated Set 2 keyboard: Applying InputClass "libinput keyboard catchall"
[  6821.682] (**) AT Translated Set 2 keyboard: Applying InputClass "system-keyboard"
[  6821.682] (II) Using input driver 'libinput' for 'AT Translated Set 2 keyboard'
[  6821.689] (II) systemd-logind: got fd for /dev/input/event4 13:68 fd 30 paused 1
[  6821.689] (II) systemd-logind: releasing fd for 13:68
[  6821.704] (II) config/udev: Adding input device PC Speaker (/dev/input/event5)
[  6821.704] (II) No input driver specified, ignoring this device.
[  6821.704] (II) This device may have been added with another device file.
[  6821.705] (II) config/udev: removing device TPPS/2 IBM TrackPoint
[  6821.705] (II) UnloadModule: "libinput"
[  6821.705] (II) systemd-logind: releasing fd for 13:71
[  6821.721] (II) config/udev: Adding input device TPPS/2 IBM TrackPoint (/dev/input/event7)
[  6821.721] (**) TPPS/2 IBM TrackPoint: Applying InputClass "libinput pointer catchall"
[  6821.721] (II) Using input driver 'libinput' for 'TPPS/2 IBM TrackPoint'
[  6821.724] (II) systemd-logind: got fd for /dev/input/event7 13:71 fd 30 paused 1
[  6821.724] (II) systemd-logind: releasing fd for 13:71
[  6821.741] (II) config/udev: removing device ThinkPad Extra Buttons
[  6821.741] (II) UnloadModule: "libinput"
[  6821.741] (II) systemd-logind: releasing fd for 13:70
[  6821.760] (II) config/udev: Adding input device ThinkPad Extra Buttons (/dev/input/event6)
[  6821.760] (**) ThinkPad Extra Buttons: Applying InputClass "libinput keyboard catchall"
[  6821.760] (**) ThinkPad Extra Buttons: Applying InputClass "system-keyboard"
[  6821.760] (II) Using input driver 'libinput' for 'ThinkPad Extra Buttons'
[  6821.780] (II) systemd-logind: got fd for /dev/input/event6 13:70 fd 27 paused 1
[  6821.780] (II) systemd-logind: releasing fd for 13:70
[ 13733.610] (II) config/udev: Adding input device Moondrop Space Travel (AVRCP) (/dev/input/event13)
[ 13733.610] (**) Moondrop Space Travel (AVRCP): Applying InputClass "libinput keyboard catchall"
[ 13733.610] (**) Moondrop Space Travel (AVRCP): Applying InputClass "system-keyboard"
[ 13733.610] (II) Using input driver 'libinput' for 'Moondrop Space Travel (AVRCP)'
[ 13733.614] (II) systemd-logind: got fd for /dev/input/event13 13:77 fd 27 paused 1
[ 13733.614] (II) systemd-logind: releasing fd for 13:77
[ 20059.856] (WW) xf86CloseConsole: KDSETMODE failed: Input/output error
[ 20059.857] (WW) xf86CloseConsole: VT_GETMODE failed: Input/output error
[ 20059.857] (WW) xf86OpenConsole: VT_GETSTATE failed: Input/output error
[ 20059.868] (II) Server terminated successfully (0). Closing log file.
